New log file opened at Wed Jan 18 08:51:13 CET 2017 by 5384@Besitzer-PC
Sending msg to client play-fork-run-8d995b45-d432-49e2-b3df-20b115e67121: DetachedLogEvent(LogMessage(debug,sbt server socket logs are in: C:\Users\Besitzer\IdeaProjects\moerakikemu\.sbtserver\connections\master.log))
Sending msg to client play-fork-run-8d995b45-d432-49e2-b3df-20b115e67121: DetachedLogEvent(LogMessage(debug,sbt general server logs are in: C:\Users\Besitzer\IdeaProjects\moerakikemu\.sbtserver\master.log))
Sending msg to client play-fork-run-8d995b45-d432-49e2-b3df-20b115e67121: DetachedLogEvent(LogMessage(debug,sbt client logs are in: C:\Users\Besitzer\IdeaProjects\moerakikemu\.sbtserver\connections\play-fork-run-8d995b45-d432-49e2-b3df-20b115e67121.log))
Reading next message from client.
Got request: ListenToEvents()
Reading next message from client.
Sending msg to client play-fork-run-8d995b45-d432-49e2-b3df-20b115e67121: ExecutionWaiting(33,{file:/C:/Users/Besitzer/IdeaProjects/moerakikemu/}root/compile:discoveredMainClasses,ClientInfo(ec104505-9604-4639-bf22-282b8aec79e1,activator,Activator,3,Vector()))
Sending msg to client play-fork-run-8d995b45-d432-49e2-b3df-20b115e67121: ExecutionStarting(33)
Sending msg to client play-fork-run-8d995b45-d432-49e2-b3df-20b115e67121: TaskStarted(33,4279,Some(AttributeKey[scala.collection.Seq[sbt.Attributed[java.io.File]]]("unmanagedJars") in Scope(Build: file:/C:/Users/Besitzer/IdeaProjects/moerakikemu/, , Project: ProjectReference(file:/C:/Users/Besitzer/IdeaProjects/moerakikemu/,root), Config: compile)))
Sending msg to client play-fork-run-8d995b45-d432-49e2-b3df-20b115e67121: TaskStarted(33,4204,Some(AttributeKey[scala.collection.immutable.Map[org.apache.ivy.core.module.id.ModuleRevisionId,org.apache.ivy.core.module.descriptor.ModuleDescriptor]]("projectDescriptors") in Scope(Build: file:/C:/Users/Besitzer/IdeaProjects/moerakikemu/, , Project: ProjectReference(file:/C:/Users/Besitzer/IdeaProjects/moerakikemu/,root))))
Sending msg to client play-fork-run-8d995b45-d432-49e2-b3df-20b115e67121: TaskStarted(33,4237,Some(AttributeKey[scala.collection.Seq[java.io.File]]("playRoutes") in Scope(Build: file:/C:/Users/Besitzer/IdeaProjects/moerakikemu/, , Project: ProjectReference(file:/C:/Users/Besitzer/IdeaProjects/moerakikemu/,root), Config: compile)))
Sending msg to client play-fork-run-8d995b45-d432-49e2-b3df-20b115e67121: TaskStarted(33,4245,Some(AttributeKey[sbt.ScalaInstance]("scalaInstance") in Scope(Build: file:/C:/Users/Besitzer/IdeaProjects/moerakikemu/, , Project: ProjectReference(file:/C:/Users/Besitzer/IdeaProjects/moerakikemu/,root))))
Sending msg to client play-fork-run-8d995b45-d432-49e2-b3df-20b115e67121: TaskStarted(33,4178,None)
Sending msg to client play-fork-run-8d995b45-d432-49e2-b3df-20b115e67121: ExecutionWaiting(34,{file:/C:/Users/Besitzer/IdeaProjects/moerakikemu/}root/compile:mainClass,ClientInfo(ec104505-9604-4639-bf22-282b8aec79e1,activator,Activator,3,Vector()))
Sending msg to client play-fork-run-8d995b45-d432-49e2-b3df-20b115e67121: BackgroundJobStarted(29,BackgroundJobInfo(3,backgroundRun,AttributeKey[sbt.BackgroundJobHandle]("backgroundRun") in Scope(Build: file:/C:/Users/Besitzer/IdeaProjects/moerakikemu/, , Project: ProjectReference(file:/C:/Users/Besitzer/IdeaProjects/moerakikemu/,root), Config: compile)))
Sending msg to client play-fork-run-8d995b45-d432-49e2-b3df-20b115e67121: (3,ReceivedResponse())
Sending msg to client play-fork-run-8d995b45-d432-49e2-b3df-20b115e67121: TaskFinished(33,4279,Some(AttributeKey[scala.collection.Seq[sbt.Attributed[java.io.File]]]("unmanagedJars") in Scope(Build: file:/C:/Users/Besitzer/IdeaProjects/moerakikemu/, , Project: ProjectReference(file:/C:/Users/Besitzer/IdeaProjects/moerakikemu/,root), Config: compile)),true,None)
Sending msg to client play-fork-run-8d995b45-d432-49e2-b3df-20b115e67121: TaskStarted(33,4276,Some(AttributeKey[scala.collection.Seq[sbt.Attributed[java.io.File]]]("unmanagedJars") in Scope(Build: file:/C:/Users/Besitzer/IdeaProjects/moerakikemu/, , Project: ProjectReference(file:/C:/Users/Besitzer/IdeaProjects/moerakikemu/,root), Config: compile)))
Sending msg to client play-fork-run-8d995b45-d432-49e2-b3df-20b115e67121: TaskFinished(33,4237,Some(AttributeKey[scala.collection.Seq[java.io.File]]("playRoutes") in Scope(Build: file:/C:/Users/Besitzer/IdeaProjects/moerakikemu/, , Project: ProjectReference(file:/C:/Users/Besitzer/IdeaProjects/moerakikemu/,root), Config: compile)),true,None)
Sending msg to client play-fork-run-8d995b45-d432-49e2-b3df-20b115e67121: TaskStarted(33,4229,None)
Sending msg to client play-fork-run-8d995b45-d432-49e2-b3df-20b115e67121: TaskFinished(33,4276,Some(AttributeKey[scala.collection.Seq[sbt.Attributed[java.io.File]]]("unmanagedJars") in Scope(Build: file:/C:/Users/Besitzer/IdeaProjects/moerakikemu/, , Project: ProjectReference(file:/C:/Users/Besitzer/IdeaProjects/moerakikemu/,root), Config: compile)),true,None)
Sending msg to client play-fork-run-8d995b45-d432-49e2-b3df-20b115e67121: TaskStarted(33,4275,None)
Sending msg to client play-fork-run-8d995b45-d432-49e2-b3df-20b115e67121: TaskFinished(33,4229,None,true,None)
Sending msg to client play-fork-run-8d995b45-d432-49e2-b3df-20b115e67121: TaskStarted(33,4228,Some(AttributeKey[scala.collection.Seq[java.io.File]]("managedSources") in Scope(Build: file:/C:/Users/Besitzer/IdeaProjects/moerakikemu/, , Project: ProjectReference(file:/C:/Users/Besitzer/IdeaProjects/moerakikemu/,root), Config: compile)))
Sending msg to client play-fork-run-8d995b45-d432-49e2-b3df-20b115e67121: TaskFinished(33,4275,None,true,None)
Sending msg to client play-fork-run-8d995b45-d432-49e2-b3df-20b115e67121: TaskStarted(33,4274,None)
Sending msg to client play-fork-run-8d995b45-d432-49e2-b3df-20b115e67121: TaskFinished(33,4228,Some(AttributeKey[scala.collection.Seq[java.io.File]]("managedSources") in Scope(Build: file:/C:/Users/Besitzer/IdeaProjects/moerakikemu/, , Project: ProjectReference(file:/C:/Users/Besitzer/IdeaProjects/moerakikemu/,root), Config: compile)),true,None)
Sending msg to client play-fork-run-8d995b45-d432-49e2-b3df-20b115e67121: TaskStarted(33,4225,Some(AttributeKey[scala.collection.Seq[java.io.File]]("sources") in Scope(Build: file:/C:/Users/Besitzer/IdeaProjects/moerakikemu/, , Project: ProjectReference(file:/C:/Users/Besitzer/IdeaProjects/moerakikemu/,root), Config: compile)))
Sending msg to client play-fork-run-8d995b45-d432-49e2-b3df-20b115e67121: TaskFinished(33,4274,None,true,None)
Sending msg to client play-fork-run-8d995b45-d432-49e2-b3df-20b115e67121: TaskFinished(33,4178,None,true,None)
Sending msg to client play-fork-run-8d995b45-d432-49e2-b3df-20b115e67121: TaskStarted(33,4176,Some(AttributeKey[scala.collection.Seq[sbt.Attributed[java.io.File]]]("unmanagedClasspath") in Scope(Build: file:/C:/Users/Besitzer/IdeaProjects/moerakikemu/, , Project: ProjectReference(file:/C:/Users/Besitzer/IdeaProjects/moerakikemu/,root), Config: compile)))
Sending msg to client play-fork-run-8d995b45-d432-49e2-b3df-20b115e67121: TaskStarted(33,4284,None)
Sending msg to client play-fork-run-8d995b45-d432-49e2-b3df-20b115e67121: TaskFinished(33,4284,None,true,None)
Sending msg to client play-fork-run-8d995b45-d432-49e2-b3df-20b115e67121: TaskStarted(33,4283,None)
Sending msg to client play-fork-run-8d995b45-d432-49e2-b3df-20b115e67121: TaskFinished(33,4176,Some(AttributeKey[scala.collection.Seq[sbt.Attributed[java.io.File]]]("unmanagedClasspath") in Scope(Build: file:/C:/Users/Besitzer/IdeaProjects/moerakikemu/, , Project: ProjectReference(file:/C:/Users/Besitzer/IdeaProjects/moerakikemu/,root), Config: compile)),true,None)
Sending msg to client play-fork-run-8d995b45-d432-49e2-b3df-20b115e67121: TaskFinished(33,4283,None,true,None)
Sending msg to client play-fork-run-8d995b45-d432-49e2-b3df-20b115e67121: TaskFinished(33,4204,Some(AttributeKey[scala.collection.immutable.Map[org.apache.ivy.core.module.id.ModuleRevisionId,org.apache.ivy.core.module.descriptor.ModuleDescriptor]]("projectDescriptors") in Scope(Build: file:/C:/Users/Besitzer/IdeaProjects/moerakikemu/, , Project: ProjectReference(file:/C:/Users/Besitzer/IdeaProjects/moerakikemu/,root))),true,None)
Sending msg to client play-fork-run-8d995b45-d432-49e2-b3df-20b115e67121: TaskStarted(33,4203,Some(AttributeKey[sbt.Resolver]("projectResolver") in Scope(Build: file:/C:/Users/Besitzer/IdeaProjects/moerakikemu/, , Project: ProjectReference(file:/C:/Users/Besitzer/IdeaProjects/moerakikemu/,root))))
Sending msg to client play-fork-run-8d995b45-d432-49e2-b3df-20b115e67121: TaskFinished(33,4225,Some(AttributeKey[scala.collection.Seq[java.io.File]]("sources") in Scope(Build: file:/C:/Users/Besitzer/IdeaProjects/moerakikemu/, , Project: ProjectReference(file:/C:/Users/Besitzer/IdeaProjects/moerakikemu/,root), Config: compile)),true,None)
Sending msg to client play-fork-run-8d995b45-d432-49e2-b3df-20b115e67121: TaskFinished(33,4203,Some(AttributeKey[sbt.Resolver]("projectResolver") in Scope(Build: file:/C:/Users/Besitzer/IdeaProjects/moerakikemu/, , Project: ProjectReference(file:/C:/Users/Besitzer/IdeaProjects/moerakikemu/,root))),true,None)
Sending msg to client play-fork-run-8d995b45-d432-49e2-b3df-20b115e67121: TaskStarted(33,4202,Some(AttributeKey[scala.collection.Seq[sbt.Resolver]]("fullResolvers") in Scope(Build: file:/C:/Users/Besitzer/IdeaProjects/moerakikemu/, , Project: ProjectReference(file:/C:/Users/Besitzer/IdeaProjects/moerakikemu/,root))))
Sending msg to client play-fork-run-8d995b45-d432-49e2-b3df-20b115e67121: TaskFinished(33,4202,Some(AttributeKey[scala.collection.Seq[sbt.Resolver]]("fullResolvers") in Scope(Build: file:/C:/Users/Besitzer/IdeaProjects/moerakikemu/, , Project: ProjectReference(file:/C:/Users/Besitzer/IdeaProjects/moerakikemu/,root))),true,None)
Sending msg to client play-fork-run-8d995b45-d432-49e2-b3df-20b115e67121: TaskStarted(33,4201,Some(AttributeKey[sbt.IvyConfiguration]("ivyConfiguration") in Scope(Build: file:/C:/Users/Besitzer/IdeaProjects/moerakikemu/, , Project: ProjectReference(file:/C:/Users/Besitzer/IdeaProjects/moerakikemu/,root))))
Sending msg to client play-fork-run-8d995b45-d432-49e2-b3df-20b115e67121: TaskFinished(33,4201,Some(AttributeKey[sbt.IvyConfiguration]("ivyConfiguration") in Scope(Build: file:/C:/Users/Besitzer/IdeaProjects/moerakikemu/, , Project: ProjectReference(file:/C:/Users/Besitzer/IdeaProjects/moerakikemu/,root))),true,None)
Sending msg to client play-fork-run-8d995b45-d432-49e2-b3df-20b115e67121: TaskStarted(33,4199,Some(AttributeKey[sbt.IvySbt]("ivySbt") in Scope(Build: file:/C:/Users/Besitzer/IdeaProjects/moerakikemu/, , Project: ProjectReference(file:/C:/Users/Besitzer/IdeaProjects/moerakikemu/,root))))
Sending msg to client play-fork-run-8d995b45-d432-49e2-b3df-20b115e67121: TaskFinished(33,4199,Some(AttributeKey[sbt.IvySbt]("ivySbt") in Scope(Build: file:/C:/Users/Besitzer/IdeaProjects/moerakikemu/, , Project: ProjectReference(file:/C:/Users/Besitzer/IdeaProjects/moerakikemu/,root))),true,None)
Sending msg to client play-fork-run-8d995b45-d432-49e2-b3df-20b115e67121: TaskStarted(33,4198,Some(AttributeKey[sbt.IvySbt$Module]("ivyModule") in Scope(Build: file:/C:/Users/Besitzer/IdeaProjects/moerakikemu/, , Project: ProjectReference(file:/C:/Users/Besitzer/IdeaProjects/moerakikemu/,root))))
Sending msg to client play-fork-run-8d995b45-d432-49e2-b3df-20b115e67121: TaskFinished(33,4198,Some(AttributeKey[sbt.IvySbt$Module]("ivyModule") in Scope(Build: file:/C:/Users/Besitzer/IdeaProjects/moerakikemu/, , Project: ProjectReference(file:/C:/Users/Besitzer/IdeaProjects/moerakikemu/,root))),true,None)
Sending msg to client play-fork-run-8d995b45-d432-49e2-b3df-20b115e67121: TaskStarted(33,4186,Some(AttributeKey[sbt.UpdateReport]("update") in Scope(Build: file:/C:/Users/Besitzer/IdeaProjects/moerakikemu/, , Project: ProjectReference(file:/C:/Users/Besitzer/IdeaProjects/moerakikemu/,root))))
Sending msg to client play-fork-run-8d995b45-d432-49e2-b3df-20b115e67121: TaskFinished(33,4186,Some(AttributeKey[sbt.UpdateReport]("update") in Scope(Build: file:/C:/Users/Besitzer/IdeaProjects/moerakikemu/, , Project: ProjectReference(file:/C:/Users/Besitzer/IdeaProjects/moerakikemu/,root))),true,None)
Sending msg to client play-fork-run-8d995b45-d432-49e2-b3df-20b115e67121: TaskStarted(33,4185,Some(AttributeKey[sbt.UpdateReport]("update") in Scope(Build: file:/C:/Users/Besitzer/IdeaProjects/moerakikemu/, , Project: ProjectReference(file:/C:/Users/Besitzer/IdeaProjects/moerakikemu/,root))))
Sending msg to client play-fork-run-8d995b45-d432-49e2-b3df-20b115e67121: TaskFinished(33,4185,Some(AttributeKey[sbt.UpdateReport]("update") in Scope(Build: file:/C:/Users/Besitzer/IdeaProjects/moerakikemu/, , Project: ProjectReference(file:/C:/Users/Besitzer/IdeaProjects/moerakikemu/,root))),true,None)
Sending msg to client play-fork-run-8d995b45-d432-49e2-b3df-20b115e67121: TaskStarted(33,4183,Some(AttributeKey[sbt.Configuration]("classpathConfiguration") in Scope(Build: file:/C:/Users/Besitzer/IdeaProjects/moerakikemu/, , Project: ProjectReference(file:/C:/Users/Besitzer/IdeaProjects/moerakikemu/,root), Config: compile)))
Sending msg to client play-fork-run-8d995b45-d432-49e2-b3df-20b115e67121: TaskStarted(33,4251,Some(AttributeKey[scala.collection.Seq[java.lang.String]]("scalacOptions") in Scope(Build: file:/C:/Users/Besitzer/IdeaProjects/moerakikemu/, , Project: ProjectReference(file:/C:/Users/Besitzer/IdeaProjects/moerakikemu/,root), Config: compile)))
Sending msg to client play-fork-run-8d995b45-d432-49e2-b3df-20b115e67121: TaskStarted(33,4270,None)
Sending msg to client play-fork-run-8d995b45-d432-49e2-b3df-20b115e67121: TaskFinished(33,4251,Some(AttributeKey[scala.collection.Seq[java.lang.String]]("scalacOptions") in Scope(Build: file:/C:/Users/Besitzer/IdeaProjects/moerakikemu/, , Project: ProjectReference(file:/C:/Users/Besitzer/IdeaProjects/moerakikemu/,root), Config: compile)),true,None)
Sending msg to client play-fork-run-8d995b45-d432-49e2-b3df-20b115e67121: TaskFinished(33,4270,None,true,None)
Sending msg to client play-fork-run-8d995b45-d432-49e2-b3df-20b115e67121: TaskFinished(33,4245,Some(AttributeKey[sbt.ScalaInstance]("scalaInstance") in Scope(Build: file:/C:/Users/Besitzer/IdeaProjects/moerakikemu/, , Project: ProjectReference(file:/C:/Users/Besitzer/IdeaProjects/moerakikemu/,root))),true,None)
Sending msg to client play-fork-run-8d995b45-d432-49e2-b3df-20b115e67121: TaskStarted(33,4244,Some(AttributeKey[sbt.Compiler$Compilers]("compilers") in Scope(Global)))
Sending msg to client play-fork-run-8d995b45-d432-49e2-b3df-20b115e67121: TaskFinished(33,4183,Some(AttributeKey[sbt.Configuration]("classpathConfiguration") in Scope(Build: file:/C:/Users/Besitzer/IdeaProjects/moerakikemu/, , Project: ProjectReference(file:/C:/Users/Besitzer/IdeaProjects/moerakikemu/,root), Config: compile)),true,None)
Sending msg to client play-fork-run-8d995b45-d432-49e2-b3df-20b115e67121: TaskStarted(33,4182,None)
Sending msg to client play-fork-run-8d995b45-d432-49e2-b3df-20b115e67121: TaskStarted(33,4217,None)
Sending msg to client play-fork-run-8d995b45-d432-49e2-b3df-20b115e67121: TaskFinished(33,4182,None,true,None)
Sending msg to client play-fork-run-8d995b45-d432-49e2-b3df-20b115e67121: TaskStarted(33,4181,Some(AttributeKey[scala.collection.Seq[sbt.Attributed[java.io.File]]]("managedClasspath") in Scope(Build: file:/C:/Users/Besitzer/IdeaProjects/moerakikemu/, , Project: ProjectReference(file:/C:/Users/Besitzer/IdeaProjects/moerakikemu/,root), Config: compile)))
Sending msg to client play-fork-run-8d995b45-d432-49e2-b3df-20b115e67121: TaskStarted(33,4287,None)
Sending msg to client play-fork-run-8d995b45-d432-49e2-b3df-20b115e67121: TaskStarted(33,4288,None)
Sending msg to client play-fork-run-8d995b45-d432-49e2-b3df-20b115e67121: TaskFinished(33,4181,Some(AttributeKey[scala.collection.Seq[sbt.Attributed[java.io.File]]]("managedClasspath") in Scope(Build: file:/C:/Users/Besitzer/IdeaProjects/moerakikemu/, , Project: ProjectReference(file:/C:/Users/Besitzer/IdeaProjects/moerakikemu/,root), Config: compile)),true,None)
Sending msg to client play-fork-run-8d995b45-d432-49e2-b3df-20b115e67121: TaskStarted(33,4175,None)
Sending msg to client play-fork-run-8d995b45-d432-49e2-b3df-20b115e67121: TaskFinished(33,4287,None,true,None)
Sending msg to client play-fork-run-8d995b45-d432-49e2-b3df-20b115e67121: TaskFinished(33,4288,None,true,None)
Sending msg to client play-fork-run-8d995b45-d432-49e2-b3df-20b115e67121: TaskStarted(33,4286,None)
Sending msg to client play-fork-run-8d995b45-d432-49e2-b3df-20b115e67121: TaskFinished(33,4175,None,true,None)
Sending msg to client play-fork-run-8d995b45-d432-49e2-b3df-20b115e67121: TaskStarted(33,4174,Some(AttributeKey[scala.collection.Seq[sbt.Attributed[java.io.File]]]("externalDependencyClasspath") in Scope(Build: file:/C:/Users/Besitzer/IdeaProjects/moerakikemu/, , Project: ProjectReference(file:/C:/Users/Besitzer/IdeaProjects/moerakikemu/,root), Config: compile)))
Sending msg to client play-fork-run-8d995b45-d432-49e2-b3df-20b115e67121: TaskFinished(33,4286,None,true,None)
Sending msg to client play-fork-run-8d995b45-d432-49e2-b3df-20b115e67121: TaskStarted(33,4285,None)
Sending msg to client play-fork-run-8d995b45-d432-49e2-b3df-20b115e67121: TaskFinished(33,4174,Some(AttributeKey[scala.collection.Seq[sbt.Attributed[java.io.File]]]("externalDependencyClasspath") in Scope(Build: file:/C:/Users/Besitzer/IdeaProjects/moerakikemu/, , Project: ProjectReference(file:/C:/Users/Besitzer/IdeaProjects/moerakikemu/,root), Config: compile)),true,None)
Sending msg to client play-fork-run-8d995b45-d432-49e2-b3df-20b115e67121: TaskFinished(33,4285,None,true,None)
Sending msg to client play-fork-run-8d995b45-d432-49e2-b3df-20b115e67121: TaskFinished(33,4217,None,true,None)
Sending msg to client play-fork-run-8d995b45-d432-49e2-b3df-20b115e67121: TaskStarted(33,4216,Some(AttributeKey[scala.collection.Seq[sbt.Attributed[java.io.File]]]("internalDependencyClasspath") in Scope(Build: file:/C:/Users/Besitzer/IdeaProjects/moerakikemu/, , Project: ProjectReference(file:/C:/Users/Besitzer/IdeaProjects/moerakikemu/,root), Config: compile)))
Sending msg to client play-fork-run-8d995b45-d432-49e2-b3df-20b115e67121: TaskFinished(33,4216,Some(AttributeKey[scala.collection.Seq[sbt.Attributed[java.io.File]]]("internalDependencyClasspath") in Scope(Build: file:/C:/Users/Besitzer/IdeaProjects/moerakikemu/, , Project: ProjectReference(file:/C:/Users/Besitzer/IdeaProjects/moerakikemu/,root), Config: compile)),true,None)
Sending msg to client play-fork-run-8d995b45-d432-49e2-b3df-20b115e67121: TaskStarted(33,4173,None)
Sending msg to client play-fork-run-8d995b45-d432-49e2-b3df-20b115e67121: TaskFinished(33,4244,Some(AttributeKey[sbt.Compiler$Compilers]("compilers") in Scope(Global)),true,None)
Sending msg to client play-fork-run-8d995b45-d432-49e2-b3df-20b115e67121: TaskFinished(33,4173,None,true,None)
Sending msg to client play-fork-run-8d995b45-d432-49e2-b3df-20b115e67121: TaskStarted(33,4172,Some(AttributeKey[scala.collection.Seq[sbt.Attributed[java.io.File]]]("dependencyClasspath") in Scope(Build: file:/C:/Users/Besitzer/IdeaProjects/moerakikemu/, , Project: ProjectReference(file:/C:/Users/Besitzer/IdeaProjects/moerakikemu/,root), Config: compile)))
Sending msg to client play-fork-run-8d995b45-d432-49e2-b3df-20b115e67121: TaskFinished(33,4172,Some(AttributeKey[scala.collection.Seq[sbt.Attributed[java.io.File]]]("dependencyClasspath") in Scope(Build: file:/C:/Users/Besitzer/IdeaProjects/moerakikemu/, , Project: ProjectReference(file:/C:/Users/Besitzer/IdeaProjects/moerakikemu/,root), Config: compile)),true,None)
Sending msg to client play-fork-run-8d995b45-d432-49e2-b3df-20b115e67121: TaskStarted(33,4162,Some(AttributeKey[sbt.Compiler$IncSetup]("incCompileSetup") in Scope(Build: file:/C:/Users/Besitzer/IdeaProjects/moerakikemu/, , Project: ProjectReference(file:/C:/Users/Besitzer/IdeaProjects/moerakikemu/,root), Config: compile)))
Sending msg to client play-fork-run-8d995b45-d432-49e2-b3df-20b115e67121: TaskStarted(33,4263,Some(AttributeKey[scala.Function1[sbt.compiler.IC$Result,sbt.compiler.IC$Result]]("playEnhancerGenerateAccessors") in Scope(Build: file:/C:/Users/Besitzer/IdeaProjects/moerakikemu/, , Project: ProjectReference(file:/C:/Users/Besitzer/IdeaProjects/moerakikemu/,root), Config: compile)))
Sending msg to client play-fork-run-8d995b45-d432-49e2-b3df-20b115e67121: TaskStarted(33,4266,Some(AttributeKey[scala.Function1[sbt.compiler.IC$Result,sbt.compiler.IC$Result]]("playEnhancerRewriteAccessors") in Scope(Build: file:/C:/Users/Besitzer/IdeaProjects/moerakikemu/, , Project: ProjectReference(file:/C:/Users/Besitzer/IdeaProjects/moerakikemu/,root), Config: compile)))
Sending msg to client play-fork-run-8d995b45-d432-49e2-b3df-20b115e67121: TaskFinished(33,4266,Some(AttributeKey[scala.Function1[sbt.compiler.IC$Result,sbt.compiler.IC$Result]]("playEnhancerRewriteAccessors") in Scope(Build: file:/C:/Users/Besitzer/IdeaProjects/moerakikemu/, , Project: ProjectReference(file:/C:/Users/Besitzer/IdeaProjects/moerakikemu/,root), Config: compile)),true,None)
Sending msg to client play-fork-run-8d995b45-d432-49e2-b3df-20b115e67121: TaskFinished(33,4263,Some(AttributeKey[scala.Function1[sbt.compiler.IC$Result,sbt.compiler.IC$Result]]("playEnhancerGenerateAccessors") in Scope(Build: file:/C:/Users/Besitzer/IdeaProjects/moerakikemu/, , Project: ProjectReference(file:/C:/Users/Besitzer/IdeaProjects/moerakikemu/,root), Config: compile)),true,None)
Sending msg to client play-fork-run-8d995b45-d432-49e2-b3df-20b115e67121: TaskFinished(33,4162,Some(AttributeKey[sbt.Compiler$IncSetup]("incCompileSetup") in Scope(Build: file:/C:/Users/Besitzer/IdeaProjects/moerakikemu/, , Project: ProjectReference(file:/C:/Users/Besitzer/IdeaProjects/moerakikemu/,root), Config: compile)),true,None)
Sending msg to client play-fork-run-8d995b45-d432-49e2-b3df-20b115e67121: TaskStarted(33,4223,Some(AttributeKey[sbt.Compiler$PreviousAnalysis]("readAnalysis") in Scope(Build: file:/C:/Users/Besitzer/IdeaProjects/moerakikemu/, , Project: ProjectReference(file:/C:/Users/Besitzer/IdeaProjects/moerakikemu/,root), Config: compile)))
Sending msg to client play-fork-run-8d995b45-d432-49e2-b3df-20b115e67121: TaskStarted(33,4224,Some(AttributeKey[sbt.Compiler$Inputs]("compileInputs") in Scope(Build: file:/C:/Users/Besitzer/IdeaProjects/moerakikemu/, , Project: ProjectReference(file:/C:/Users/Besitzer/IdeaProjects/moerakikemu/,root), Config: compile, Task: AttributeKey[sbt.inc.Analysis]("compile"))))
Sending msg to client play-fork-run-8d995b45-d432-49e2-b3df-20b115e67121: TaskFinished(33,4223,Some(AttributeKey[sbt.Compiler$PreviousAnalysis]("readAnalysis") in Scope(Build: file:/C:/Users/Besitzer/IdeaProjects/moerakikemu/, , Project: ProjectReference(file:/C:/Users/Besitzer/IdeaProjects/moerakikemu/,root), Config: compile)),true,None)
Sending msg to client play-fork-run-8d995b45-d432-49e2-b3df-20b115e67121: TaskFinished(33,4224,Some(AttributeKey[sbt.Compiler$Inputs]("compileInputs") in Scope(Build: file:/C:/Users/Besitzer/IdeaProjects/moerakikemu/, , Project: ProjectReference(file:/C:/Users/Besitzer/IdeaProjects/moerakikemu/,root), Config: compile, Task: AttributeKey[sbt.inc.Analysis]("compile"))),true,None)
Sending msg to client play-fork-run-8d995b45-d432-49e2-b3df-20b115e67121: TaskStarted(33,4260,Some(AttributeKey[scala.Option[xsbti.Reporter]]("compilerReporter") in Scope(Build: file:/C:/Users/Besitzer/IdeaProjects/moerakikemu/, , Project: ProjectReference(file:/C:/Users/Besitzer/IdeaProjects/moerakikemu/,root), Config: compile, Task: AttributeKey[sbt.inc.Analysis]("compile"))))
Sending msg to client play-fork-run-8d995b45-d432-49e2-b3df-20b115e67121: TaskFinished(33,4260,Some(AttributeKey[scala.Option[xsbti.Reporter]]("compilerReporter") in Scope(Build: file:/C:/Users/Besitzer/IdeaProjects/moerakikemu/, , Project: ProjectReference(file:/C:/Users/Besitzer/IdeaProjects/moerakikemu/,root), Config: compile, Task: AttributeKey[sbt.inc.Analysis]("compile"))),true,None)
Sending msg to client play-fork-run-8d995b45-d432-49e2-b3df-20b115e67121: TaskStarted(33,4222,Some(AttributeKey[sbt.compiler.IC$Result]("compileIncremental") in Scope(Build: file:/C:/Users/Besitzer/IdeaProjects/moerakikemu/, , Project: ProjectReference(file:/C:/Users/Besitzer/IdeaProjects/moerakikemu/,root), Config: compile)))
Sending msg to client play-fork-run-8d995b45-d432-49e2-b3df-20b115e67121: TaskLogEvent(4222,LogMessage(debug,
Initial source changes: 
	removed:Set()
	added: Set()
	modified: Set()
Removed products: Set()
External API changes: API Changes: Set()
Modified binary dependencies: Set()
Initial directly invalidated sources: Set()

Sources indirectly invalidated by:
	product: Set()
	binary dep: Set()
	external source: Set()))
Sending msg to client play-fork-run-8d995b45-d432-49e2-b3df-20b115e67121: TaskLogEvent(4222,LogMessage(debug,All initially invalidated sources: Set()
))
Sending msg to client play-fork-run-8d995b45-d432-49e2-b3df-20b115e67121: TaskFinished(33,4222,Some(AttributeKey[sbt.compiler.IC$Result]("compileIncremental") in Scope(Build: file:/C:/Users/Besitzer/IdeaProjects/moerakikemu/, , Project: ProjectReference(file:/C:/Users/Besitzer/IdeaProjects/moerakikemu/,root), Config: compile)),true,None)
Sending msg to client play-fork-run-8d995b45-d432-49e2-b3df-20b115e67121: TaskStarted(33,4221,Some(AttributeKey[sbt.compiler.IC$Result]("manipulateBytecode") in Scope(Build: file:/C:/Users/Besitzer/IdeaProjects/moerakikemu/, , Project: ProjectReference(file:/C:/Users/Besitzer/IdeaProjects/moerakikemu/,root), Config: compile)))
Sending msg to client play-fork-run-8d995b45-d432-49e2-b3df-20b115e67121: TaskFinished(33,4221,Some(AttributeKey[sbt.compiler.IC$Result]("manipulateBytecode") in Scope(Build: file:/C:/Users/Besitzer/IdeaProjects/moerakikemu/, , Project: ProjectReference(file:/C:/Users/Besitzer/IdeaProjects/moerakikemu/,root), Config: compile)),true,None)
Sending msg to client play-fork-run-8d995b45-d432-49e2-b3df-20b115e67121: TaskStarted(33,4220,Some(AttributeKey[sbt.compiler.IC$Result]("manipulateBytecode") in Scope(Build: file:/C:/Users/Besitzer/IdeaProjects/moerakikemu/, , Project: ProjectReference(file:/C:/Users/Besitzer/IdeaProjects/moerakikemu/,root), Config: compile)))
Sending msg to client play-fork-run-8d995b45-d432-49e2-b3df-20b115e67121: TaskFinished(33,4220,Some(AttributeKey[sbt.compiler.IC$Result]("manipulateBytecode") in Scope(Build: file:/C:/Users/Besitzer/IdeaProjects/moerakikemu/, , Project: ProjectReference(file:/C:/Users/Besitzer/IdeaProjects/moerakikemu/,root), Config: compile)),true,None)
Sending msg to client play-fork-run-8d995b45-d432-49e2-b3df-20b115e67121: TaskStarted(33,4161,Some(AttributeKey[sbt.inc.Analysis]("compile") in Scope(Build: file:/C:/Users/Besitzer/IdeaProjects/moerakikemu/, , Project: ProjectReference(file:/C:/Users/Besitzer/IdeaProjects/moerakikemu/,root), Config: compile)))
Sending msg to client play-fork-run-8d995b45-d432-49e2-b3df-20b115e67121: TaskFinished(33,4161,Some(AttributeKey[sbt.inc.Analysis]("compile") in Scope(Build: file:/C:/Users/Besitzer/IdeaProjects/moerakikemu/, , Project: ProjectReference(file:/C:/Users/Besitzer/IdeaProjects/moerakikemu/,root), Config: compile)),true,None)
Sending msg to client play-fork-run-8d995b45-d432-49e2-b3df-20b115e67121: TaskStarted(33,4160,None)
Sending msg to client play-fork-run-8d995b45-d432-49e2-b3df-20b115e67121: TaskFinished(33,4160,None,true,None)
Sending msg to client play-fork-run-8d995b45-d432-49e2-b3df-20b115e67121: TaskStarted(33,4159,Some(AttributeKey[sbt.inc.Analysis]("compile") in Scope(Build: file:/C:/Users/Besitzer/IdeaProjects/moerakikemu/, , Project: ProjectReference(file:/C:/Users/Besitzer/IdeaProjects/moerakikemu/,root), Config: compile)))
Sending msg to client play-fork-run-8d995b45-d432-49e2-b3df-20b115e67121: TaskFinished(33,4159,Some(AttributeKey[sbt.inc.Analysis]("compile") in Scope(Build: file:/C:/Users/Besitzer/IdeaProjects/moerakikemu/, , Project: ProjectReference(file:/C:/Users/Besitzer/IdeaProjects/moerakikemu/,root), Config: compile)),true,None)
Sending msg to client play-fork-run-8d995b45-d432-49e2-b3df-20b115e67121: TaskStarted(33,4158,Some(AttributeKey[scala.collection.Seq[java.lang.String]]("discoveredMainClasses") in Scope(Build: file:/C:/Users/Besitzer/IdeaProjects/moerakikemu/, , Project: ProjectReference(file:/C:/Users/Besitzer/IdeaProjects/moerakikemu/,root), Config: compile)))
Sending msg to client play-fork-run-8d995b45-d432-49e2-b3df-20b115e67121: TaskFinished(33,4158,Some(AttributeKey[scala.collection.Seq[java.lang.String]]("discoveredMainClasses") in Scope(Build: file:/C:/Users/Besitzer/IdeaProjects/moerakikemu/, , Project: ProjectReference(file:/C:/Users/Besitzer/IdeaProjects/moerakikemu/,root), Config: compile)),true,None)
Sending msg to client play-fork-run-8d995b45-d432-49e2-b3df-20b115e67121: TaskStarted(33,4157,None)
Sending msg to client play-fork-run-8d995b45-d432-49e2-b3df-20b115e67121: TaskFinished(33,4157,None,true,None)
Sending msg to client play-fork-run-8d995b45-d432-49e2-b3df-20b115e67121: TaskStarted(33,4156,None)
Sending msg to client play-fork-run-8d995b45-d432-49e2-b3df-20b115e67121: TaskFinished(33,4156,None,true,None)
Sending msg to client play-fork-run-8d995b45-d432-49e2-b3df-20b115e67121: DetachedLogEvent(LogMessage(debug,cancel strategy finish enabled=false lastCommand=Some(LastCommand(CommandExecutionWork(ExecutionId(33),{file:/C:/Users/Besitzer/IdeaProjects/moerakikemu/}root/compile:discoveredMainClasses,Set(LiveClient(activator ec104505-9604-4639-bf22-282b8aec79e1)),sbt.server.WorkCancellationStatus$$anon$1@60617184)))))
Sending msg to client play-fork-run-8d995b45-d432-49e2-b3df-20b115e67121: DetachedLogEvent(LogSuccess(Total time: 1 s, completed 18.01.2017 08:51:14))
Sending msg to client play-fork-run-8d995b45-d432-49e2-b3df-20b115e67121: DetachedLogEvent(LogMessage(debug,> server-post-command-cleanup))
Sending msg to client play-fork-run-8d995b45-d432-49e2-b3df-20b115e67121: ExecutionSuccess(33)
Sending msg to client play-fork-run-8d995b45-d432-49e2-b3df-20b115e67121: DetachedLogEvent(LogMessage(debug,> server-handle-next-server-request))
Sending msg to client play-fork-run-8d995b45-d432-49e2-b3df-20b115e67121: ExecutionStarting(34)
Sending msg to client play-fork-run-8d995b45-d432-49e2-b3df-20b115e67121: DetachedLogEvent(LogMessage(debug,> {file:/C:/Users/Besitzer/IdeaProjects/moerakikemu/}root/compile:mainClass))
Sending msg to client play-fork-run-8d995b45-d432-49e2-b3df-20b115e67121: DetachedLogEvent(LogMessage(debug,Evaluating tasks: compile:mainClass))
Sending msg to client play-fork-run-8d995b45-d432-49e2-b3df-20b115e67121: DetachedLogEvent(LogMessage(debug,Running task... Cancel: sbt.server.ServerTaskCancellation@7177bb1c, check cycles: false))
Sending msg to client play-fork-run-8d995b45-d432-49e2-b3df-20b115e67121: DetachedLogEvent(LogMessage(debug,cancel strategy start enabled=true lastCommand=Some(LastCommand(CommandExecutionWork(ExecutionId(34),{file:/C:/Users/Besitzer/IdeaProjects/moerakikemu/}root/compile:mainClass,Set(LiveClient(activator ec104505-9604-4639-bf22-282b8aec79e1)),sbt.server.WorkCancellationStatus$$anon$1@3b7c7276)))))
Sending msg to client play-fork-run-8d995b45-d432-49e2-b3df-20b115e67121: TaskStarted(34,4291,Some(AttributeKey[scala.Option[java.lang.String]]("mainClass") in Scope(Build: file:/C:/Users/Besitzer/IdeaProjects/moerakikemu/, , Project: ProjectReference(file:/C:/Users/Besitzer/IdeaProjects/moerakikemu/,root), Config: compile)))
Sending msg to client play-fork-run-8d995b45-d432-49e2-b3df-20b115e67121: TaskFinished(34,4291,Some(AttributeKey[scala.Option[java.lang.String]]("mainClass") in Scope(Build: file:/C:/Users/Besitzer/IdeaProjects/moerakikemu/, , Project: ProjectReference(file:/C:/Users/Besitzer/IdeaProjects/moerakikemu/,root), Config: compile)),true,None)
Sending msg to client play-fork-run-8d995b45-d432-49e2-b3df-20b115e67121: TaskStarted(34,4290,None)
Sending msg to client play-fork-run-8d995b45-d432-49e2-b3df-20b115e67121: TaskFinished(34,4290,None,true,None)
Sending msg to client play-fork-run-8d995b45-d432-49e2-b3df-20b115e67121: TaskStarted(34,4289,None)
Sending msg to client play-fork-run-8d995b45-d432-49e2-b3df-20b115e67121: TaskFinished(34,4289,None,true,None)
Sending msg to client play-fork-run-8d995b45-d432-49e2-b3df-20b115e67121: DetachedLogEvent(LogMessage(debug,cancel strategy finish enabled=false lastCommand=Some(LastCommand(CommandExecutionWork(ExecutionId(34),{file:/C:/Users/Besitzer/IdeaProjects/moerakikemu/}root/compile:mainClass,Set(LiveClient(activator ec104505-9604-4639-bf22-282b8aec79e1)),sbt.server.WorkCancellationStatus$$anon$1@3b7c7276)))))
Sending msg to client play-fork-run-8d995b45-d432-49e2-b3df-20b115e67121: DetachedLogEvent(LogSuccess(Total time: 0 s, completed 18.01.2017 08:51:14))
Sending msg to client play-fork-run-8d995b45-d432-49e2-b3df-20b115e67121: DetachedLogEvent(LogMessage(debug,> server-post-command-cleanup))
Sending msg to client play-fork-run-8d995b45-d432-49e2-b3df-20b115e67121: ExecutionSuccess(34)
Sending msg to client play-fork-run-8d995b45-d432-49e2-b3df-20b115e67121: DetachedLogEvent(LogMessage(debug,> server-handle-next-server-request))
