New log file opened at Tue Jan 17 20:13:45 CET 2017 by 7320@Besitzer-PC
Sending msg to client play-fork-run-6ef04264-e8b7-4b82-bbdb-4d8d3aeb6b35: DetachedLogEvent(LogMessage(debug,sbt server socket logs are in: C:\Users\Besitzer\IdeaProjects\moerakikemu\.sbtserver\connections\master.log))
Sending msg to client play-fork-run-6ef04264-e8b7-4b82-bbdb-4d8d3aeb6b35: DetachedLogEvent(LogMessage(debug,sbt general server logs are in: C:\Users\Besitzer\IdeaProjects\moerakikemu\.sbtserver\master.log))
Sending msg to client play-fork-run-6ef04264-e8b7-4b82-bbdb-4d8d3aeb6b35: DetachedLogEvent(LogMessage(debug,sbt client logs are in: C:\Users\Besitzer\IdeaProjects\moerakikemu\.sbtserver\connections\play-fork-run-6ef04264-e8b7-4b82-bbdb-4d8d3aeb6b35.log))
Reading next message from client.
Got request: ListenToEvents()
Reading next message from client.
Sending msg to client play-fork-run-6ef04264-e8b7-4b82-bbdb-4d8d3aeb6b35: ExecutionWaiting(36,{file:/C:/Users/Besitzer/IdeaProjects/moerakikemu/}root/compile:discoveredMainClasses,ClientInfo(cc01e363-0a39-42df-b146-d59a67df84d5,activator,Activator,3,Vector()))
Sending msg to client play-fork-run-6ef04264-e8b7-4b82-bbdb-4d8d3aeb6b35: ExecutionStarting(36)
Sending msg to client play-fork-run-6ef04264-e8b7-4b82-bbdb-4d8d3aeb6b35: TaskStarted(36,5151,Some(AttributeKey[sbt.compiler.IC$Result]("compileIncremental") in Scope(Build: file:/C:/Users/Besitzer/IdeaProjects/moerakikemu/, , Project: ProjectReference(file:/C:/Users/Besitzer/IdeaProjects/moerakikemu/,root), Config: compile)))
Sending msg to client play-fork-run-6ef04264-e8b7-4b82-bbdb-4d8d3aeb6b35: BackgroundJobStarted(20,BackgroundJobInfo(3,backgroundRun,AttributeKey[sbt.BackgroundJobHandle]("backgroundRun") in Scope(Build: file:/C:/Users/Besitzer/IdeaProjects/moerakikemu/, , Project: ProjectReference(file:/C:/Users/Besitzer/IdeaProjects/moerakikemu/,root), Config: compile)))
Sending msg to client play-fork-run-6ef04264-e8b7-4b82-bbdb-4d8d3aeb6b35: (3,ReceivedResponse())
Sending msg to client play-fork-run-6ef04264-e8b7-4b82-bbdb-4d8d3aeb6b35: TaskLogEvent(5151,LogMessage(debug,
Initial source changes: 
	removed:Set()
	added: Set()
	modified: Set()
Removed products: Set()
External API changes: API Changes: Set()
Modified binary dependencies: Set()
Initial directly invalidated sources: Set()

Sources indirectly invalidated by:
	product: Set()
	binary dep: Set()
	external source: Set()))
Sending msg to client play-fork-run-6ef04264-e8b7-4b82-bbdb-4d8d3aeb6b35: TaskLogEvent(5151,LogMessage(debug,All initially invalidated sources: Set()
))
Sending msg to client play-fork-run-6ef04264-e8b7-4b82-bbdb-4d8d3aeb6b35: TaskFinished(36,5151,Some(AttributeKey[sbt.compiler.IC$Result]("compileIncremental") in Scope(Build: file:/C:/Users/Besitzer/IdeaProjects/moerakikemu/, , Project: ProjectReference(file:/C:/Users/Besitzer/IdeaProjects/moerakikemu/,root), Config: compile)),true,None)
Sending msg to client play-fork-run-6ef04264-e8b7-4b82-bbdb-4d8d3aeb6b35: TaskStarted(36,5150,Some(AttributeKey[sbt.compiler.IC$Result]("manipulateBytecode") in Scope(Build: file:/C:/Users/Besitzer/IdeaProjects/moerakikemu/, , Project: ProjectReference(file:/C:/Users/Besitzer/IdeaProjects/moerakikemu/,root), Config: compile)))
Sending msg to client play-fork-run-6ef04264-e8b7-4b82-bbdb-4d8d3aeb6b35: TaskFinished(36,5150,Some(AttributeKey[sbt.compiler.IC$Result]("manipulateBytecode") in Scope(Build: file:/C:/Users/Besitzer/IdeaProjects/moerakikemu/, , Project: ProjectReference(file:/C:/Users/Besitzer/IdeaProjects/moerakikemu/,root), Config: compile)),true,None)
Sending msg to client play-fork-run-6ef04264-e8b7-4b82-bbdb-4d8d3aeb6b35: TaskStarted(36,5128,Some(AttributeKey[sbt.compiler.IC$Result]("manipulateBytecode") in Scope(Build: file:/C:/Users/Besitzer/IdeaProjects/moerakikemu/, , Project: ProjectReference(file:/C:/Users/Besitzer/IdeaProjects/moerakikemu/,root), Config: compile)))
Sending msg to client play-fork-run-6ef04264-e8b7-4b82-bbdb-4d8d3aeb6b35: TaskFinished(36,5128,Some(AttributeKey[sbt.compiler.IC$Result]("manipulateBytecode") in Scope(Build: file:/C:/Users/Besitzer/IdeaProjects/moerakikemu/, , Project: ProjectReference(file:/C:/Users/Besitzer/IdeaProjects/moerakikemu/,root), Config: compile)),true,None)
Sending msg to client play-fork-run-6ef04264-e8b7-4b82-bbdb-4d8d3aeb6b35: TaskStarted(36,5069,Some(AttributeKey[sbt.inc.Analysis]("compile") in Scope(Build: file:/C:/Users/Besitzer/IdeaProjects/moerakikemu/, , Project: ProjectReference(file:/C:/Users/Besitzer/IdeaProjects/moerakikemu/,root), Config: compile)))
Sending msg to client play-fork-run-6ef04264-e8b7-4b82-bbdb-4d8d3aeb6b35: TaskFinished(36,5069,Some(AttributeKey[sbt.inc.Analysis]("compile") in Scope(Build: file:/C:/Users/Besitzer/IdeaProjects/moerakikemu/, , Project: ProjectReference(file:/C:/Users/Besitzer/IdeaProjects/moerakikemu/,root), Config: compile)),true,None)
Sending msg to client play-fork-run-6ef04264-e8b7-4b82-bbdb-4d8d3aeb6b35: TaskStarted(36,5068,None)
Sending msg to client play-fork-run-6ef04264-e8b7-4b82-bbdb-4d8d3aeb6b35: TaskFinished(36,5068,None,true,None)
Sending msg to client play-fork-run-6ef04264-e8b7-4b82-bbdb-4d8d3aeb6b35: TaskStarted(36,5067,Some(AttributeKey[sbt.inc.Analysis]("compile") in Scope(Build: file:/C:/Users/Besitzer/IdeaProjects/moerakikemu/, , Project: ProjectReference(file:/C:/Users/Besitzer/IdeaProjects/moerakikemu/,root), Config: compile)))
Sending msg to client play-fork-run-6ef04264-e8b7-4b82-bbdb-4d8d3aeb6b35: TaskFinished(36,5067,Some(AttributeKey[sbt.inc.Analysis]("compile") in Scope(Build: file:/C:/Users/Besitzer/IdeaProjects/moerakikemu/, , Project: ProjectReference(file:/C:/Users/Besitzer/IdeaProjects/moerakikemu/,root), Config: compile)),true,None)
Sending msg to client play-fork-run-6ef04264-e8b7-4b82-bbdb-4d8d3aeb6b35: TaskStarted(36,5066,Some(AttributeKey[scala.collection.Seq[java.lang.String]]("discoveredMainClasses") in Scope(Build: file:/C:/Users/Besitzer/IdeaProjects/moerakikemu/, , Project: ProjectReference(file:/C:/Users/Besitzer/IdeaProjects/moerakikemu/,root), Config: compile)))
Sending msg to client play-fork-run-6ef04264-e8b7-4b82-bbdb-4d8d3aeb6b35: TaskFinished(36,5066,Some(AttributeKey[scala.collection.Seq[java.lang.String]]("discoveredMainClasses") in Scope(Build: file:/C:/Users/Besitzer/IdeaProjects/moerakikemu/, , Project: ProjectReference(file:/C:/Users/Besitzer/IdeaProjects/moerakikemu/,root), Config: compile)),true,None)
Sending msg to client play-fork-run-6ef04264-e8b7-4b82-bbdb-4d8d3aeb6b35: TaskStarted(36,5065,None)
Sending msg to client play-fork-run-6ef04264-e8b7-4b82-bbdb-4d8d3aeb6b35: TaskFinished(36,5065,None,true,None)
Sending msg to client play-fork-run-6ef04264-e8b7-4b82-bbdb-4d8d3aeb6b35: TaskStarted(36,5064,None)
Sending msg to client play-fork-run-6ef04264-e8b7-4b82-bbdb-4d8d3aeb6b35: TaskFinished(36,5064,None,true,None)
Sending msg to client play-fork-run-6ef04264-e8b7-4b82-bbdb-4d8d3aeb6b35: DetachedLogEvent(LogMessage(debug,cancel strategy finish enabled=false lastCommand=Some(LastCommand(CommandExecutionWork(ExecutionId(36),{file:/C:/Users/Besitzer/IdeaProjects/moerakikemu/}root/compile:discoveredMainClasses,Set(LiveClient(activator cc01e363-0a39-42df-b146-d59a67df84d5)),sbt.server.WorkCancellationStatus$$anon$1@62dbff95)))))
Sending msg to client play-fork-run-6ef04264-e8b7-4b82-bbdb-4d8d3aeb6b35: DetachedLogEvent(LogSuccess(Total time: 1 s, completed 17.01.2017 20:13:45))
Sending msg to client play-fork-run-6ef04264-e8b7-4b82-bbdb-4d8d3aeb6b35: DetachedLogEvent(LogMessage(debug,> server-post-command-cleanup))
Sending msg to client play-fork-run-6ef04264-e8b7-4b82-bbdb-4d8d3aeb6b35: ExecutionSuccess(36)
Sending msg to client play-fork-run-6ef04264-e8b7-4b82-bbdb-4d8d3aeb6b35: DetachedLogEvent(LogMessage(debug,> server-handle-next-server-request))
