New log file opened at Wed Jan 18 09:35:37 CET 2017 by 10192@Besitzer-PC
Sending msg to client play-fork-run-4ec5cab7-d96d-47c2-aa6a-126ffbee8952: DetachedLogEvent(LogMessage(debug,sbt server socket logs are in: C:\Users\Besitzer\IdeaProjects\moerakikemu\.sbtserver\connections\master.log))
Sending msg to client play-fork-run-4ec5cab7-d96d-47c2-aa6a-126ffbee8952: DetachedLogEvent(LogMessage(debug,sbt general server logs are in: C:\Users\Besitzer\IdeaProjects\moerakikemu\.sbtserver\master.log))
Sending msg to client play-fork-run-4ec5cab7-d96d-47c2-aa6a-126ffbee8952: DetachedLogEvent(LogMessage(debug,sbt client logs are in: C:\Users\Besitzer\IdeaProjects\moerakikemu\.sbtserver\connections\play-fork-run-4ec5cab7-d96d-47c2-aa6a-126ffbee8952.log))
Reading next message from client.
Got request: DaemonRequest(true)
Reading next message from client.
Sending msg to client play-fork-run-4ec5cab7-d96d-47c2-aa6a-126ffbee8952: (3,ReceivedResponse())
Got request: ListenToEvents()
Reading next message from client.
Sending msg to client play-fork-run-4ec5cab7-d96d-47c2-aa6a-126ffbee8952: BackgroundJobStarted(19,BackgroundJobInfo(3,backgroundRun,AttributeKey[sbt.BackgroundJobHandle]("backgroundRun") in Scope(Build: file:/C:/Users/Besitzer/IdeaProjects/moerakikemu/, , Project: ProjectReference(file:/C:/Users/Besitzer/IdeaProjects/moerakikemu/,root), Config: compile)))
Sending msg to client play-fork-run-4ec5cab7-d96d-47c2-aa6a-126ffbee8952: (4,ReceivedResponse())
Got request: KeyLookupRequest(root/playForkConfig)
Reading next message from client.
Sending msg to client play-fork-run-4ec5cab7-d96d-47c2-aa6a-126ffbee8952: (5,KeyLookupResponse(root/playForkConfig,Vector(AttributeKey[play.forkrun.protocol.ForkConfig]("playForkConfig") in Scope(Build: file:/C:/Users/Besitzer/IdeaProjects/moerakikemu/, , Project: ProjectReference(file:/C:/Users/Besitzer/IdeaProjects/moerakikemu/,root)))))
Got request: ListenToValue(AttributeKey[play.forkrun.protocol.ForkConfig]("playForkConfig") in Scope(Build: file:/C:/Users/Besitzer/IdeaProjects/moerakikemu/, , Project: ProjectReference(file:/C:/Users/Besitzer/IdeaProjects/moerakikemu/,root)))
Reading next message from client.
Sending msg to client play-fork-run-4ec5cab7-d96d-47c2-aa6a-126ffbee8952: (6,ReceivedResponse())
Got request: KeyExecutionRequest(AttributeKey[play.forkrun.protocol.ForkConfig]("playForkConfig") in Scope(Build: file:/C:/Users/Besitzer/IdeaProjects/moerakikemu/, , Project: ProjectReference(file:/C:/Users/Besitzer/IdeaProjects/moerakikemu/,root)))
Reading next message from client.
Sending msg to client play-fork-run-4ec5cab7-d96d-47c2-aa6a-126ffbee8952: (7,ExecutionRequestReceived(20))
Sending msg to client play-fork-run-4ec5cab7-d96d-47c2-aa6a-126ffbee8952: ExecutionWaiting(20,{file:/C:/Users/Besitzer/IdeaProjects/moerakikemu/}root/*:playForkConfig,ClientInfo(4ec5cab7-d96d-47c2-aa6a-126ffbee8952,play-fork-run,Play Fork Run,1,Vector()))
Sending msg to client play-fork-run-4ec5cab7-d96d-47c2-aa6a-126ffbee8952: ExecutionStarting(20)
Sending msg to client play-fork-run-4ec5cab7-d96d-47c2-aa6a-126ffbee8952: DetachedLogEvent(LogMessage(debug,> {file:/C:/Users/Besitzer/IdeaProjects/moerakikemu/}root/*:playForkConfig))
Sending msg to client play-fork-run-4ec5cab7-d96d-47c2-aa6a-126ffbee8952: DetachedLogEvent(LogMessage(debug,Evaluating tasks: *:playForkConfig))
Sending msg to client play-fork-run-4ec5cab7-d96d-47c2-aa6a-126ffbee8952: DetachedLogEvent(LogMessage(debug,Running task... Cancel: sbt.server.ServerTaskCancellation@32d9238a, check cycles: false))
Sending msg to client play-fork-run-4ec5cab7-d96d-47c2-aa6a-126ffbee8952: DetachedLogEvent(LogMessage(debug,cancel strategy start enabled=true lastCommand=Some(LastCommand(CommandExecutionWork(ExecutionId(20),{file:/C:/Users/Besitzer/IdeaProjects/moerakikemu/}root/*:playForkConfig,Set(LiveClient(play-fork-run 4ec5cab7-d96d-47c2-aa6a-126ffbee8952)),sbt.server.WorkCancellationStatus$$anon$1@29885823)))))
Sending msg to client play-fork-run-4ec5cab7-d96d-47c2-aa6a-126ffbee8952: TaskStarted(20,1942,Some(AttributeKey[scala.Tuple2[java.lang.String,java.io.File]]("playPrefixAndAssets") in Scope(Build: file:/C:/Users/Besitzer/IdeaProjects/moerakikemu/, , Project: ProjectReference(file:/C:/Users/Besitzer/IdeaProjects/moerakikemu/,root))))
Sending msg to client play-fork-run-4ec5cab7-d96d-47c2-aa6a-126ffbee8952: TaskStarted(20,1946,None)
Sending msg to client play-fork-run-4ec5cab7-d96d-47c2-aa6a-126ffbee8952: TaskStarted(20,1947,None)
Sending msg to client play-fork-run-4ec5cab7-d96d-47c2-aa6a-126ffbee8952: TaskStarted(20,1949,Some(AttributeKey[scala.collection.Seq[java.lang.String]]("javaOptions") in Scope(Global)))
Sending msg to client play-fork-run-4ec5cab7-d96d-47c2-aa6a-126ffbee8952: TaskStarted(20,1950,None)
Sending msg to client play-fork-run-4ec5cab7-d96d-47c2-aa6a-126ffbee8952: TaskStarted(20,1955,None)
Sending msg to client play-fork-run-4ec5cab7-d96d-47c2-aa6a-126ffbee8952: TaskStarted(20,1957,None)
Sending msg to client play-fork-run-4ec5cab7-d96d-47c2-aa6a-126ffbee8952: TaskStarted(20,1959,None)
Sending msg to client play-fork-run-4ec5cab7-d96d-47c2-aa6a-126ffbee8952: TaskStarted(20,1961,None)
Sending msg to client play-fork-run-4ec5cab7-d96d-47c2-aa6a-126ffbee8952: TaskStarted(20,1962,None)
Sending msg to client play-fork-run-4ec5cab7-d96d-47c2-aa6a-126ffbee8952: TaskStarted(20,1963,Some(AttributeKey[java.lang.String]("updateCacheName") in Scope(Build: file:/C:/Users/Besitzer/IdeaProjects/moerakikemu/, , Project: ProjectReference(file:/C:/Users/Besitzer/IdeaProjects/moerakikemu/,root))))
Sending msg to client play-fork-run-4ec5cab7-d96d-47c2-aa6a-126ffbee8952: TaskStarted(20,1965,Some(AttributeKey[boolean]("skip") in Scope(Global)))
Sending msg to client play-fork-run-4ec5cab7-d96d-47c2-aa6a-126ffbee8952: TaskStarted(20,1971,Some(AttributeKey[scala.collection.Seq[sbt.Resolver]]("externalResolvers") in Scope(Build: file:/C:/Users/Besitzer/IdeaProjects/moerakikemu/, , Project: ProjectReference(file:/C:/Users/Besitzer/IdeaProjects/moerakikemu/,root))))
Sending msg to client play-fork-run-4ec5cab7-d96d-47c2-aa6a-126ffbee8952: TaskStarted(20,1975,Some(AttributeKey[scala.Option[scala.collection.Seq[sbt.Resolver]]]("bootResolvers") in Scope(Build: file:/C:/Users/Besitzer/IdeaProjects/moerakikemu/, , Project: ProjectReference(file:/C:/Users/Besitzer/IdeaProjects/moerakikemu/,root))))
Sending msg to client play-fork-run-4ec5cab7-d96d-47c2-aa6a-126ffbee8952: TaskStarted(20,1977,Some(AttributeKey[scala.collection.Seq[sbt.Credentials]]("credentials") in Scope(Global)))
Sending msg to client play-fork-run-4ec5cab7-d96d-47c2-aa6a-126ffbee8952: TaskStarted(20,1984,Some(AttributeKey[scala.Option[java.lang.String]]("mainClass") in Scope(Build: file:/C:/Users/Besitzer/IdeaProjects/moerakikemu/, , Project: ProjectReference(file:/C:/Users/Besitzer/IdeaProjects/moerakikemu/,root), Config: compile, Task: AttributeKey[void]("run"))))
Sending msg to client play-fork-run-4ec5cab7-d96d-47c2-aa6a-126ffbee8952: TaskStarted(20,1994,None)
Sending msg to client play-fork-run-4ec5cab7-d96d-47c2-aa6a-126ffbee8952: TaskFinished(20,1942,Some(AttributeKey[scala.Tuple2[java.lang.String,java.io.File]]("playPrefixAndAssets") in Scope(Build: file:/C:/Users/Besitzer/IdeaProjects/moerakikemu/, , Project: ProjectReference(file:/C:/Users/Besitzer/IdeaProjects/moerakikemu/,root))),true,None)
Sending msg to client play-fork-run-4ec5cab7-d96d-47c2-aa6a-126ffbee8952: TaskStarted(20,1941,Some(AttributeKey[scala.collection.Seq[scala.Tuple2[java.lang.String,java.io.File]]]("playAllAssets") in Scope(Build: file:/C:/Users/Besitzer/IdeaProjects/moerakikemu/, , Project: ProjectReference(file:/C:/Users/Besitzer/IdeaProjects/moerakikemu/,root))))
Sending msg to client play-fork-run-4ec5cab7-d96d-47c2-aa6a-126ffbee8952: TaskFinished(20,1947,None,true,None)
Sending msg to client play-fork-run-4ec5cab7-d96d-47c2-aa6a-126ffbee8952: TaskFinished(20,1950,None,true,None)
Sending msg to client play-fork-run-4ec5cab7-d96d-47c2-aa6a-126ffbee8952: TaskFinished(20,1949,Some(AttributeKey[scala.collection.Seq[java.lang.String]]("javaOptions") in Scope(Global)),true,None)
Sending msg to client play-fork-run-4ec5cab7-d96d-47c2-aa6a-126ffbee8952: TaskStarted(20,1948,Some(AttributeKey[scala.collection.Seq[java.lang.String]]("javaOptions") in Scope(Build: file:/C:/Users/Besitzer/IdeaProjects/moerakikemu/, )))
Sending msg to client play-fork-run-4ec5cab7-d96d-47c2-aa6a-126ffbee8952: TaskFinished(20,1957,None,true,None)
Sending msg to client play-fork-run-4ec5cab7-d96d-47c2-aa6a-126ffbee8952: TaskFinished(20,1959,None,true,None)
Sending msg to client play-fork-run-4ec5cab7-d96d-47c2-aa6a-126ffbee8952: TaskFinished(20,1955,None,true,None)
Sending msg to client play-fork-run-4ec5cab7-d96d-47c2-aa6a-126ffbee8952: TaskStarted(20,1954,None)
Sending msg to client play-fork-run-4ec5cab7-d96d-47c2-aa6a-126ffbee8952: TaskStarted(20,1968,None)
Sending msg to client play-fork-run-4ec5cab7-d96d-47c2-aa6a-126ffbee8952: TaskStarted(20,1974,None)
Sending msg to client play-fork-run-4ec5cab7-d96d-47c2-aa6a-126ffbee8952: TaskStarted(20,1976,None)
Sending msg to client play-fork-run-4ec5cab7-d96d-47c2-aa6a-126ffbee8952: TaskStarted(20,1983,None)
Sending msg to client play-fork-run-4ec5cab7-d96d-47c2-aa6a-126ffbee8952: TaskStarted(20,1986,None)
Sending msg to client play-fork-run-4ec5cab7-d96d-47c2-aa6a-126ffbee8952: TaskStarted(20,1989,None)
Sending msg to client play-fork-run-4ec5cab7-d96d-47c2-aa6a-126ffbee8952: TaskStarted(20,1996,None)
Sending msg to client play-fork-run-4ec5cab7-d96d-47c2-aa6a-126ffbee8952: TaskFinished(20,1961,None,true,None)
Sending msg to client play-fork-run-4ec5cab7-d96d-47c2-aa6a-126ffbee8952: TaskFinished(20,1962,None,true,None)
Sending msg to client play-fork-run-4ec5cab7-d96d-47c2-aa6a-126ffbee8952: TaskStarted(20,1960,Some(AttributeKey[scala.collection.Seq[sbt.UpdateReport]]("transitiveUpdate") in Scope(Build: file:/C:/Users/Besitzer/IdeaProjects/moerakikemu/, , Project: ProjectReference(file:/C:/Users/Besitzer/IdeaProjects/moerakikemu/,root))))
Sending msg to client play-fork-run-4ec5cab7-d96d-47c2-aa6a-126ffbee8952: TaskFinished(20,1963,Some(AttributeKey[java.lang.String]("updateCacheName") in Scope(Build: file:/C:/Users/Besitzer/IdeaProjects/moerakikemu/, , Project: ProjectReference(file:/C:/Users/Besitzer/IdeaProjects/moerakikemu/,root))),true,None)
Sending msg to client play-fork-run-4ec5cab7-d96d-47c2-aa6a-126ffbee8952: TaskFinished(20,1946,None,true,None)
Sending msg to client play-fork-run-4ec5cab7-d96d-47c2-aa6a-126ffbee8952: TaskStarted(20,1945,Some(AttributeKey[sbt.BuildStructure]("buildStructure") in Scope(Global)))
Sending msg to client play-fork-run-4ec5cab7-d96d-47c2-aa6a-126ffbee8952: TaskStarted(20,1964,Some(AttributeKey[java.io.File]("dependencyCacheDirectory") in Scope(Build: file:/C:/Users/Besitzer/IdeaProjects/moerakikemu/, , Project: ProjectReference(file:/C:/Users/Besitzer/IdeaProjects/moerakikemu/,root))))
Sending msg to client play-fork-run-4ec5cab7-d96d-47c2-aa6a-126ffbee8952: TaskFinished(20,1975,Some(AttributeKey[scala.Option[scala.collection.Seq[sbt.Resolver]]]("bootResolvers") in Scope(Build: file:/C:/Users/Besitzer/IdeaProjects/moerakikemu/, , Project: ProjectReference(file:/C:/Users/Besitzer/IdeaProjects/moerakikemu/,root))),true,None)
Sending msg to client play-fork-run-4ec5cab7-d96d-47c2-aa6a-126ffbee8952: TaskFinished(20,1984,Some(AttributeKey[scala.Option[java.lang.String]]("mainClass") in Scope(Build: file:/C:/Users/Besitzer/IdeaProjects/moerakikemu/, , Project: ProjectReference(file:/C:/Users/Besitzer/IdeaProjects/moerakikemu/,root), Config: compile, Task: AttributeKey[void]("run"))),true,None)
Sending msg to client play-fork-run-4ec5cab7-d96d-47c2-aa6a-126ffbee8952: TaskFinished(20,1965,Some(AttributeKey[boolean]("skip") in Scope(Global)),true,None)
Sending msg to client play-fork-run-4ec5cab7-d96d-47c2-aa6a-126ffbee8952: TaskFinished(20,1971,Some(AttributeKey[scala.collection.Seq[sbt.Resolver]]("externalResolvers") in Scope(Build: file:/C:/Users/Besitzer/IdeaProjects/moerakikemu/, , Project: ProjectReference(file:/C:/Users/Besitzer/IdeaProjects/moerakikemu/,root))),true,None)
Sending msg to client play-fork-run-4ec5cab7-d96d-47c2-aa6a-126ffbee8952: TaskFinished(20,1948,Some(AttributeKey[scala.collection.Seq[java.lang.String]]("javaOptions") in Scope(Build: file:/C:/Users/Besitzer/IdeaProjects/moerakikemu/, )),true,None)
Sending msg to client play-fork-run-4ec5cab7-d96d-47c2-aa6a-126ffbee8952: TaskFinished(20,1954,None,true,None)
Sending msg to client play-fork-run-4ec5cab7-d96d-47c2-aa6a-126ffbee8952: TaskFinished(20,1968,None,true,None)
Sending msg to client play-fork-run-4ec5cab7-d96d-47c2-aa6a-126ffbee8952: TaskFinished(20,1974,None,true,None)
Sending msg to client play-fork-run-4ec5cab7-d96d-47c2-aa6a-126ffbee8952: TaskFinished(20,1976,None,true,None)
Sending msg to client play-fork-run-4ec5cab7-d96d-47c2-aa6a-126ffbee8952: TaskFinished(20,1983,None,true,None)
Sending msg to client play-fork-run-4ec5cab7-d96d-47c2-aa6a-126ffbee8952: TaskStarted(20,1982,Some(AttributeKey[scala.collection.immutable.Map[sbt.ModuleID,sbt.SourcePosition]]("dependencyPositions") in Scope(Build: file:/C:/Users/Besitzer/IdeaProjects/moerakikemu/, , Project: ProjectReference(file:/C:/Users/Besitzer/IdeaProjects/moerakikemu/,root))))
Sending msg to client play-fork-run-4ec5cab7-d96d-47c2-aa6a-126ffbee8952: TaskFinished(20,1994,None,true,None)
Sending msg to client play-fork-run-4ec5cab7-d96d-47c2-aa6a-126ffbee8952: TaskFinished(20,1989,None,true,None)
Sending msg to client play-fork-run-4ec5cab7-d96d-47c2-aa6a-126ffbee8952: TaskFinished(20,1996,None,true,None)
Sending msg to client play-fork-run-4ec5cab7-d96d-47c2-aa6a-126ffbee8952: TaskFinished(20,1986,None,true,None)
Sending msg to client play-fork-run-4ec5cab7-d96d-47c2-aa6a-126ffbee8952: TaskFinished(20,1945,Some(AttributeKey[sbt.BuildStructure]("buildStructure") in Scope(Global)),true,None)
Sending msg to client play-fork-run-4ec5cab7-d96d-47c2-aa6a-126ffbee8952: TaskStarted(20,1944,Some(AttributeKey[sbt.Settings[sbt.Scope]]("settingsData") in Scope(Global)))
Sending msg to client play-fork-run-4ec5cab7-d96d-47c2-aa6a-126ffbee8952: TaskFinished(20,1960,Some(AttributeKey[scala.collection.Seq[sbt.UpdateReport]]("transitiveUpdate") in Scope(Build: file:/C:/Users/Besitzer/IdeaProjects/moerakikemu/, , Project: ProjectReference(file:/C:/Users/Besitzer/IdeaProjects/moerakikemu/,root))),true,None)
Sending msg to client play-fork-run-4ec5cab7-d96d-47c2-aa6a-126ffbee8952: TaskFinished(20,1977,Some(AttributeKey[scala.collection.Seq[sbt.Credentials]]("credentials") in Scope(Global)),true,None)
Sending msg to client play-fork-run-4ec5cab7-d96d-47c2-aa6a-126ffbee8952: TaskFinished(20,1964,Some(AttributeKey[java.io.File]("dependencyCacheDirectory") in Scope(Build: file:/C:/Users/Besitzer/IdeaProjects/moerakikemu/, , Project: ProjectReference(file:/C:/Users/Besitzer/IdeaProjects/moerakikemu/,root))),true,None)
Sending msg to client play-fork-run-4ec5cab7-d96d-47c2-aa6a-126ffbee8952: TaskFinished(20,1941,Some(AttributeKey[scala.collection.Seq[scala.Tuple2[java.lang.String,java.io.File]]]("playAllAssets") in Scope(Build: file:/C:/Users/Besitzer/IdeaProjects/moerakikemu/, , Project: ProjectReference(file:/C:/Users/Besitzer/IdeaProjects/moerakikemu/,root))),true,None)
Sending msg to client play-fork-run-4ec5cab7-d96d-47c2-aa6a-126ffbee8952: TaskFinished(20,1944,Some(AttributeKey[sbt.Settings[sbt.Scope]]("settingsData") in Scope(Global)),true,None)
Sending msg to client play-fork-run-4ec5cab7-d96d-47c2-aa6a-126ffbee8952: TaskStarted(20,1943,Some(AttributeKey[scala.collection.Seq[java.io.File]]("playMonitoredFiles") in Scope(Build: file:/C:/Users/Besitzer/IdeaProjects/moerakikemu/, , Project: ProjectReference(file:/C:/Users/Besitzer/IdeaProjects/moerakikemu/,root))))
Sending msg to client play-fork-run-4ec5cab7-d96d-47c2-aa6a-126ffbee8952: TaskStarted(20,1958,None)
Sending msg to client play-fork-run-4ec5cab7-d96d-47c2-aa6a-126ffbee8952: TaskStarted(20,1973,Some(AttributeKey[scala.collection.immutable.Map[org.apache.ivy.core.module.id.ModuleRevisionId,org.apache.ivy.core.module.descriptor.ModuleDescriptor]]("projectDescriptors") in Scope(Build: file:/C:/Users/Besitzer/IdeaProjects/moerakikemu/, , Project: ProjectReference(file:/C:/Users/Besitzer/IdeaProjects/moerakikemu/,root))))
Sending msg to client play-fork-run-4ec5cab7-d96d-47c2-aa6a-126ffbee8952: TaskStarted(20,1980,Some(AttributeKey[scala.collection.Seq[sbt.ModuleID]]("projectDependencies") in Scope(Build: file:/C:/Users/Besitzer/IdeaProjects/moerakikemu/, , Project: ProjectReference(file:/C:/Users/Besitzer/IdeaProjects/moerakikemu/,root))))
Sending msg to client play-fork-run-4ec5cab7-d96d-47c2-aa6a-126ffbee8952: TaskStarted(20,1997,None)
Sending msg to client play-fork-run-4ec5cab7-d96d-47c2-aa6a-126ffbee8952: TaskFinished(20,1982,Some(AttributeKey[scala.collection.immutable.Map[sbt.ModuleID,sbt.SourcePosition]]("dependencyPositions") in Scope(Build: file:/C:/Users/Besitzer/IdeaProjects/moerakikemu/, , Project: ProjectReference(file:/C:/Users/Besitzer/IdeaProjects/moerakikemu/,root))),true,None)
Sending msg to client play-fork-run-4ec5cab7-d96d-47c2-aa6a-126ffbee8952: TaskStarted(20,1981,Some(AttributeKey[sbt.UnresolvedWarningConfiguration]("unresolvedWarningConfiguration") in Scope(Build: file:/C:/Users/Besitzer/IdeaProjects/moerakikemu/, , Project: ProjectReference(file:/C:/Users/Besitzer/IdeaProjects/moerakikemu/,root), Task: AttributeKey[sbt.UpdateReport]("update"))))
Sending msg to client play-fork-run-4ec5cab7-d96d-47c2-aa6a-126ffbee8952: TaskStarted(20,1998,None)
Sending msg to client play-fork-run-4ec5cab7-d96d-47c2-aa6a-126ffbee8952: TaskStarted(20,1999,None)
Sending msg to client play-fork-run-4ec5cab7-d96d-47c2-aa6a-126ffbee8952: TaskFinished(20,1980,Some(AttributeKey[scala.collection.Seq[sbt.ModuleID]]("projectDependencies") in Scope(Build: file:/C:/Users/Besitzer/IdeaProjects/moerakikemu/, , Project: ProjectReference(file:/C:/Users/Besitzer/IdeaProjects/moerakikemu/,root))),true,None)
Sending msg to client play-fork-run-4ec5cab7-d96d-47c2-aa6a-126ffbee8952: TaskStarted(20,1979,Some(AttributeKey[scala.collection.Seq[sbt.ModuleID]]("allDependencies") in Scope(Build: file:/C:/Users/Besitzer/IdeaProjects/moerakikemu/, , Project: ProjectReference(file:/C:/Users/Besitzer/IdeaProjects/moerakikemu/,root))))
Sending msg to client play-fork-run-4ec5cab7-d96d-47c2-aa6a-126ffbee8952: TaskStarted(20,2003,None)
Sending msg to client play-fork-run-4ec5cab7-d96d-47c2-aa6a-126ffbee8952: TaskStarted(20,2004,None)
Sending msg to client play-fork-run-4ec5cab7-d96d-47c2-aa6a-126ffbee8952: TaskStarted(20,2007,None)
Sending msg to client play-fork-run-4ec5cab7-d96d-47c2-aa6a-126ffbee8952: TaskStarted(20,2009,None)
Sending msg to client play-fork-run-4ec5cab7-d96d-47c2-aa6a-126ffbee8952: TaskStarted(20,2010,None)
Sending msg to client play-fork-run-4ec5cab7-d96d-47c2-aa6a-126ffbee8952: TaskFinished(20,1981,Some(AttributeKey[sbt.UnresolvedWarningConfiguration]("unresolvedWarningConfiguration") in Scope(Build: file:/C:/Users/Besitzer/IdeaProjects/moerakikemu/, , Project: ProjectReference(file:/C:/Users/Besitzer/IdeaProjects/moerakikemu/,root), Task: AttributeKey[sbt.UpdateReport]("update"))),true,None)
Sending msg to client play-fork-run-4ec5cab7-d96d-47c2-aa6a-126ffbee8952: TaskFinished(20,1998,None,true,None)
Sending msg to client play-fork-run-4ec5cab7-d96d-47c2-aa6a-126ffbee8952: TaskFinished(20,1958,None,true,None)
Sending msg to client play-fork-run-4ec5cab7-d96d-47c2-aa6a-126ffbee8952: TaskFinished(20,1979,Some(AttributeKey[scala.collection.Seq[sbt.ModuleID]]("allDependencies") in Scope(Build: file:/C:/Users/Besitzer/IdeaProjects/moerakikemu/, , Project: ProjectReference(file:/C:/Users/Besitzer/IdeaProjects/moerakikemu/,root))),true,None)
Sending msg to client play-fork-run-4ec5cab7-d96d-47c2-aa6a-126ffbee8952: TaskStarted(20,1978,Some(AttributeKey[sbt.ModuleSettings]("moduleSettings") in Scope(Build: file:/C:/Users/Besitzer/IdeaProjects/moerakikemu/, , Project: ProjectReference(file:/C:/Users/Besitzer/IdeaProjects/moerakikemu/,root))))
Sending msg to client play-fork-run-4ec5cab7-d96d-47c2-aa6a-126ffbee8952: TaskFinished(20,2003,None,true,None)
Sending msg to client play-fork-run-4ec5cab7-d96d-47c2-aa6a-126ffbee8952: TaskFinished(20,2004,None,true,None)
Sending msg to client play-fork-run-4ec5cab7-d96d-47c2-aa6a-126ffbee8952: TaskStarted(20,2002,Some(AttributeKey[scala.collection.Seq[sbt.Attributed[java.io.File]]]("unmanagedJars") in Scope(Build: file:/C:/Users/Besitzer/IdeaProjects/moerakikemu/, , Project: ProjectReference(file:/C:/Users/Besitzer/IdeaProjects/moerakikemu/,root), Config: runtime)))
Sending msg to client play-fork-run-4ec5cab7-d96d-47c2-aa6a-126ffbee8952: TaskFinished(20,2007,None,true,None)
Sending msg to client play-fork-run-4ec5cab7-d96d-47c2-aa6a-126ffbee8952: TaskStarted(20,2006,None)
Sending msg to client play-fork-run-4ec5cab7-d96d-47c2-aa6a-126ffbee8952: TaskFinished(20,2009,None,true,None)
Sending msg to client play-fork-run-4ec5cab7-d96d-47c2-aa6a-126ffbee8952: TaskStarted(20,2012,None)
Sending msg to client play-fork-run-4ec5cab7-d96d-47c2-aa6a-126ffbee8952: TaskFinished(20,1978,Some(AttributeKey[sbt.ModuleSettings]("moduleSettings") in Scope(Build: file:/C:/Users/Besitzer/IdeaProjects/moerakikemu/, , Project: ProjectReference(file:/C:/Users/Besitzer/IdeaProjects/moerakikemu/,root))),true,None)
Sending msg to client play-fork-run-4ec5cab7-d96d-47c2-aa6a-126ffbee8952: TaskFinished(20,2002,Some(AttributeKey[scala.collection.Seq[sbt.Attributed[java.io.File]]]("unmanagedJars") in Scope(Build: file:/C:/Users/Besitzer/IdeaProjects/moerakikemu/, , Project: ProjectReference(file:/C:/Users/Besitzer/IdeaProjects/moerakikemu/,root), Config: runtime)),true,None)
Sending msg to client play-fork-run-4ec5cab7-d96d-47c2-aa6a-126ffbee8952: TaskFinished(20,2012,None,true,None)
Sending msg to client play-fork-run-4ec5cab7-d96d-47c2-aa6a-126ffbee8952: TaskStarted(20,2011,None)
Sending msg to client play-fork-run-4ec5cab7-d96d-47c2-aa6a-126ffbee8952: TaskFinished(20,2010,None,true,None)
Sending msg to client play-fork-run-4ec5cab7-d96d-47c2-aa6a-126ffbee8952: TaskStarted(20,2008,Some(AttributeKey[scala.collection.Seq[sbt.Attributed[java.io.File]]]("unmanagedJars") in Scope(Build: file:/C:/Users/Besitzer/IdeaProjects/moerakikemu/, , Project: ProjectReference(file:/C:/Users/Besitzer/IdeaProjects/moerakikemu/,root), Config: compile)))
Sending msg to client play-fork-run-4ec5cab7-d96d-47c2-aa6a-126ffbee8952: TaskFinished(20,2011,None,true,None)
Sending msg to client play-fork-run-4ec5cab7-d96d-47c2-aa6a-126ffbee8952: TaskFinished(20,1973,Some(AttributeKey[scala.collection.immutable.Map[org.apache.ivy.core.module.id.ModuleRevisionId,org.apache.ivy.core.module.descriptor.ModuleDescriptor]]("projectDescriptors") in Scope(Build: file:/C:/Users/Besitzer/IdeaProjects/moerakikemu/, , Project: ProjectReference(file:/C:/Users/Besitzer/IdeaProjects/moerakikemu/,root))),true,None)
Sending msg to client play-fork-run-4ec5cab7-d96d-47c2-aa6a-126ffbee8952: TaskStarted(20,1972,Some(AttributeKey[sbt.Resolver]("projectResolver") in Scope(Build: file:/C:/Users/Besitzer/IdeaProjects/moerakikemu/, , Project: ProjectReference(file:/C:/Users/Besitzer/IdeaProjects/moerakikemu/,root))))
Sending msg to client play-fork-run-4ec5cab7-d96d-47c2-aa6a-126ffbee8952: TaskFinished(20,2008,Some(AttributeKey[scala.collection.Seq[sbt.Attributed[java.io.File]]]("unmanagedJars") in Scope(Build: file:/C:/Users/Besitzer/IdeaProjects/moerakikemu/, , Project: ProjectReference(file:/C:/Users/Besitzer/IdeaProjects/moerakikemu/,root), Config: compile)),true,None)
Sending msg to client play-fork-run-4ec5cab7-d96d-47c2-aa6a-126ffbee8952: TaskFinished(20,1972,Some(AttributeKey[sbt.Resolver]("projectResolver") in Scope(Build: file:/C:/Users/Besitzer/IdeaProjects/moerakikemu/, , Project: ProjectReference(file:/C:/Users/Besitzer/IdeaProjects/moerakikemu/,root))),true,None)
Sending msg to client play-fork-run-4ec5cab7-d96d-47c2-aa6a-126ffbee8952: TaskStarted(20,1970,Some(AttributeKey[scala.collection.Seq[sbt.Resolver]]("fullResolvers") in Scope(Build: file:/C:/Users/Besitzer/IdeaProjects/moerakikemu/, , Project: ProjectReference(file:/C:/Users/Besitzer/IdeaProjects/moerakikemu/,root))))
Sending msg to client play-fork-run-4ec5cab7-d96d-47c2-aa6a-126ffbee8952: TaskFinished(20,1970,Some(AttributeKey[scala.collection.Seq[sbt.Resolver]]("fullResolvers") in Scope(Build: file:/C:/Users/Besitzer/IdeaProjects/moerakikemu/, , Project: ProjectReference(file:/C:/Users/Besitzer/IdeaProjects/moerakikemu/,root))),true,None)
Sending msg to client play-fork-run-4ec5cab7-d96d-47c2-aa6a-126ffbee8952: TaskStarted(20,1969,Some(AttributeKey[sbt.IvyConfiguration]("ivyConfiguration") in Scope(Build: file:/C:/Users/Besitzer/IdeaProjects/moerakikemu/, , Project: ProjectReference(file:/C:/Users/Besitzer/IdeaProjects/moerakikemu/,root))))
Sending msg to client play-fork-run-4ec5cab7-d96d-47c2-aa6a-126ffbee8952: TaskStarted(20,2013,None)
Sending msg to client play-fork-run-4ec5cab7-d96d-47c2-aa6a-126ffbee8952: TaskFinished(20,1969,Some(AttributeKey[sbt.IvyConfiguration]("ivyConfiguration") in Scope(Build: file:/C:/Users/Besitzer/IdeaProjects/moerakikemu/, , Project: ProjectReference(file:/C:/Users/Besitzer/IdeaProjects/moerakikemu/,root))),true,None)
Sending msg to client play-fork-run-4ec5cab7-d96d-47c2-aa6a-126ffbee8952: TaskStarted(20,1967,Some(AttributeKey[sbt.IvySbt]("ivySbt") in Scope(Build: file:/C:/Users/Besitzer/IdeaProjects/moerakikemu/, , Project: ProjectReference(file:/C:/Users/Besitzer/IdeaProjects/moerakikemu/,root))))
Sending msg to client play-fork-run-4ec5cab7-d96d-47c2-aa6a-126ffbee8952: TaskFinished(20,1999,None,true,None)
Sending msg to client play-fork-run-4ec5cab7-d96d-47c2-aa6a-126ffbee8952: TaskFinished(20,1943,Some(AttributeKey[scala.collection.Seq[java.io.File]]("playMonitoredFiles") in Scope(Build: file:/C:/Users/Besitzer/IdeaProjects/moerakikemu/, , Project: ProjectReference(file:/C:/Users/Besitzer/IdeaProjects/moerakikemu/,root))),true,None)
Sending msg to client play-fork-run-4ec5cab7-d96d-47c2-aa6a-126ffbee8952: TaskFinished(20,2013,None,true,None)
Sending msg to client play-fork-run-4ec5cab7-d96d-47c2-aa6a-126ffbee8952: TaskFinished(20,2006,None,true,None)
Sending msg to client play-fork-run-4ec5cab7-d96d-47c2-aa6a-126ffbee8952: TaskStarted(20,2005,Some(AttributeKey[scala.collection.Seq[sbt.Attributed[java.io.File]]]("unmanagedJars") in Scope(Build: file:/C:/Users/Besitzer/IdeaProjects/moerakikemu/, , Project: ProjectReference(file:/C:/Users/Besitzer/IdeaProjects/moerakikemu/,root), Config: compile)))
Sending msg to client play-fork-run-4ec5cab7-d96d-47c2-aa6a-126ffbee8952: TaskFinished(20,2005,Some(AttributeKey[scala.collection.Seq[sbt.Attributed[java.io.File]]]("unmanagedJars") in Scope(Build: file:/C:/Users/Besitzer/IdeaProjects/moerakikemu/, , Project: ProjectReference(file:/C:/Users/Besitzer/IdeaProjects/moerakikemu/,root), Config: compile)),true,None)
Sending msg to client play-fork-run-4ec5cab7-d96d-47c2-aa6a-126ffbee8952: TaskStarted(20,2001,None)
Sending msg to client play-fork-run-4ec5cab7-d96d-47c2-aa6a-126ffbee8952: TaskFinished(20,2001,None,true,None)
Sending msg to client play-fork-run-4ec5cab7-d96d-47c2-aa6a-126ffbee8952: TaskStarted(20,2000,None)
Sending msg to client play-fork-run-4ec5cab7-d96d-47c2-aa6a-126ffbee8952: TaskFinished(20,1967,Some(AttributeKey[sbt.IvySbt]("ivySbt") in Scope(Build: file:/C:/Users/Besitzer/IdeaProjects/moerakikemu/, , Project: ProjectReference(file:/C:/Users/Besitzer/IdeaProjects/moerakikemu/,root))),true,None)
Sending msg to client play-fork-run-4ec5cab7-d96d-47c2-aa6a-126ffbee8952: TaskStarted(20,1966,Some(AttributeKey[sbt.IvySbt$Module]("ivyModule") in Scope(Build: file:/C:/Users/Besitzer/IdeaProjects/moerakikemu/, , Project: ProjectReference(file:/C:/Users/Besitzer/IdeaProjects/moerakikemu/,root))))
Sending msg to client play-fork-run-4ec5cab7-d96d-47c2-aa6a-126ffbee8952: TaskFinished(20,2000,None,true,None)
Sending msg to client play-fork-run-4ec5cab7-d96d-47c2-aa6a-126ffbee8952: TaskFinished(20,1997,None,true,None)
Sending msg to client play-fork-run-4ec5cab7-d96d-47c2-aa6a-126ffbee8952: TaskStarted(20,1995,Some(AttributeKey[scala.collection.Seq[sbt.Attributed[java.io.File]]]("unmanagedClasspath") in Scope(Build: file:/C:/Users/Besitzer/IdeaProjects/moerakikemu/, , Project: ProjectReference(file:/C:/Users/Besitzer/IdeaProjects/moerakikemu/,root), Config: runtime)))
Sending msg to client play-fork-run-4ec5cab7-d96d-47c2-aa6a-126ffbee8952: TaskFinished(20,1966,Some(AttributeKey[sbt.IvySbt$Module]("ivyModule") in Scope(Build: file:/C:/Users/Besitzer/IdeaProjects/moerakikemu/, , Project: ProjectReference(file:/C:/Users/Besitzer/IdeaProjects/moerakikemu/,root))),true,None)
Sending msg to client play-fork-run-4ec5cab7-d96d-47c2-aa6a-126ffbee8952: TaskStarted(20,1956,Some(AttributeKey[sbt.UpdateReport]("update") in Scope(Build: file:/C:/Users/Besitzer/IdeaProjects/moerakikemu/, , Project: ProjectReference(file:/C:/Users/Besitzer/IdeaProjects/moerakikemu/,root))))
Sending msg to client play-fork-run-4ec5cab7-d96d-47c2-aa6a-126ffbee8952: TaskFinished(20,1995,Some(AttributeKey[scala.collection.Seq[sbt.Attributed[java.io.File]]]("unmanagedClasspath") in Scope(Build: file:/C:/Users/Besitzer/IdeaProjects/moerakikemu/, , Project: ProjectReference(file:/C:/Users/Besitzer/IdeaProjects/moerakikemu/,root), Config: runtime)),true,None)
Sending msg to client play-fork-run-4ec5cab7-d96d-47c2-aa6a-126ffbee8952: TaskFinished(20,1956,Some(AttributeKey[sbt.UpdateReport]("update") in Scope(Build: file:/C:/Users/Besitzer/IdeaProjects/moerakikemu/, , Project: ProjectReference(file:/C:/Users/Besitzer/IdeaProjects/moerakikemu/,root))),true,None)
Sending msg to client play-fork-run-4ec5cab7-d96d-47c2-aa6a-126ffbee8952: TaskStarted(20,1953,Some(AttributeKey[sbt.UpdateReport]("update") in Scope(Build: file:/C:/Users/Besitzer/IdeaProjects/moerakikemu/, , Project: ProjectReference(file:/C:/Users/Besitzer/IdeaProjects/moerakikemu/,root))))
Sending msg to client play-fork-run-4ec5cab7-d96d-47c2-aa6a-126ffbee8952: TaskFinished(20,1953,Some(AttributeKey[sbt.UpdateReport]("update") in Scope(Build: file:/C:/Users/Besitzer/IdeaProjects/moerakikemu/, , Project: ProjectReference(file:/C:/Users/Besitzer/IdeaProjects/moerakikemu/,root))),true,None)
Sending msg to client play-fork-run-4ec5cab7-d96d-47c2-aa6a-126ffbee8952: TaskStarted(20,1952,Some(AttributeKey[scala.collection.Seq[sbt.Attributed[java.io.File]]]("managedClasspath") in Scope(Build: file:/C:/Users/Besitzer/IdeaProjects/moerakikemu/, , Project: ProjectReference(file:/C:/Users/Besitzer/IdeaProjects/moerakikemu/,root), Config: docs)))
Sending msg to client play-fork-run-4ec5cab7-d96d-47c2-aa6a-126ffbee8952: TaskStarted(20,1993,Some(AttributeKey[sbt.Configuration]("classpathConfiguration") in Scope(Build: file:/C:/Users/Besitzer/IdeaProjects/moerakikemu/, , Project: ProjectReference(file:/C:/Users/Besitzer/IdeaProjects/moerakikemu/,root), Config: compile)))
Sending msg to client play-fork-run-4ec5cab7-d96d-47c2-aa6a-126ffbee8952: TaskFinished(20,1952,Some(AttributeKey[scala.collection.Seq[sbt.Attributed[java.io.File]]]("managedClasspath") in Scope(Build: file:/C:/Users/Besitzer/IdeaProjects/moerakikemu/, , Project: ProjectReference(file:/C:/Users/Besitzer/IdeaProjects/moerakikemu/,root), Config: docs)),true,None)
Sending msg to client play-fork-run-4ec5cab7-d96d-47c2-aa6a-126ffbee8952: TaskStarted(20,1951,Some(AttributeKey[scala.Option[java.io.File]]("playDocsJar") in Scope(Build: file:/C:/Users/Besitzer/IdeaProjects/moerakikemu/, , Project: ProjectReference(file:/C:/Users/Besitzer/IdeaProjects/moerakikemu/,root))))
Sending msg to client play-fork-run-4ec5cab7-d96d-47c2-aa6a-126ffbee8952: TaskFinished(20,1993,Some(AttributeKey[sbt.Configuration]("classpathConfiguration") in Scope(Build: file:/C:/Users/Besitzer/IdeaProjects/moerakikemu/, , Project: ProjectReference(file:/C:/Users/Besitzer/IdeaProjects/moerakikemu/,root), Config: compile)),true,None)
Sending msg to client play-fork-run-4ec5cab7-d96d-47c2-aa6a-126ffbee8952: TaskStarted(20,1992,None)
Sending msg to client play-fork-run-4ec5cab7-d96d-47c2-aa6a-126ffbee8952: TaskFinished(20,1951,Some(AttributeKey[scala.Option[java.io.File]]("playDocsJar") in Scope(Build: file:/C:/Users/Besitzer/IdeaProjects/moerakikemu/, , Project: ProjectReference(file:/C:/Users/Besitzer/IdeaProjects/moerakikemu/,root))),true,None)
Sending msg to client play-fork-run-4ec5cab7-d96d-47c2-aa6a-126ffbee8952: TaskFinished(20,1992,None,true,None)
Sending msg to client play-fork-run-4ec5cab7-d96d-47c2-aa6a-126ffbee8952: TaskStarted(20,1991,Some(AttributeKey[sbt.Configuration]("classpathConfiguration") in Scope(Build: file:/C:/Users/Besitzer/IdeaProjects/moerakikemu/, , Project: ProjectReference(file:/C:/Users/Besitzer/IdeaProjects/moerakikemu/,root), Config: runtime)))
Sending msg to client play-fork-run-4ec5cab7-d96d-47c2-aa6a-126ffbee8952: TaskFinished(20,1991,Some(AttributeKey[sbt.Configuration]("classpathConfiguration") in Scope(Build: file:/C:/Users/Besitzer/IdeaProjects/moerakikemu/, , Project: ProjectReference(file:/C:/Users/Besitzer/IdeaProjects/moerakikemu/,root), Config: runtime)),true,None)
Sending msg to client play-fork-run-4ec5cab7-d96d-47c2-aa6a-126ffbee8952: TaskStarted(20,1990,None)
Sending msg to client play-fork-run-4ec5cab7-d96d-47c2-aa6a-126ffbee8952: TaskFinished(20,1990,None,true,None)
Sending msg to client play-fork-run-4ec5cab7-d96d-47c2-aa6a-126ffbee8952: TaskStarted(20,1988,Some(AttributeKey[scala.collection.Seq[sbt.Attributed[java.io.File]]]("managedClasspath") in Scope(Build: file:/C:/Users/Besitzer/IdeaProjects/moerakikemu/, , Project: ProjectReference(file:/C:/Users/Besitzer/IdeaProjects/moerakikemu/,root), Config: runtime)))
Sending msg to client play-fork-run-4ec5cab7-d96d-47c2-aa6a-126ffbee8952: TaskFinished(20,1988,Some(AttributeKey[scala.collection.Seq[sbt.Attributed[java.io.File]]]("managedClasspath") in Scope(Build: file:/C:/Users/Besitzer/IdeaProjects/moerakikemu/, , Project: ProjectReference(file:/C:/Users/Besitzer/IdeaProjects/moerakikemu/,root), Config: runtime)),true,None)
Sending msg to client play-fork-run-4ec5cab7-d96d-47c2-aa6a-126ffbee8952: TaskStarted(20,1987,None)
Sending msg to client play-fork-run-4ec5cab7-d96d-47c2-aa6a-126ffbee8952: TaskFinished(20,1987,None,true,None)
Sending msg to client play-fork-run-4ec5cab7-d96d-47c2-aa6a-126ffbee8952: TaskStarted(20,1985,Some(AttributeKey[scala.collection.Seq[sbt.Attributed[java.io.File]]]("playDependencyClasspath") in Scope(Build: file:/C:/Users/Besitzer/IdeaProjects/moerakikemu/, , Project: ProjectReference(file:/C:/Users/Besitzer/IdeaProjects/moerakikemu/,root))))
Sending msg to client play-fork-run-4ec5cab7-d96d-47c2-aa6a-126ffbee8952: TaskFinished(20,1985,Some(AttributeKey[scala.collection.Seq[sbt.Attributed[java.io.File]]]("playDependencyClasspath") in Scope(Build: file:/C:/Users/Besitzer/IdeaProjects/moerakikemu/, , Project: ProjectReference(file:/C:/Users/Besitzer/IdeaProjects/moerakikemu/,root))),true,None)
Sending msg to client play-fork-run-4ec5cab7-d96d-47c2-aa6a-126ffbee8952: TaskStarted(20,1940,Some(AttributeKey[play.forkrun.protocol.ForkConfig]("playForkConfig") in Scope(Build: file:/C:/Users/Besitzer/IdeaProjects/moerakikemu/, , Project: ProjectReference(file:/C:/Users/Besitzer/IdeaProjects/moerakikemu/,root))))
Sending msg to client play-fork-run-4ec5cab7-d96d-47c2-aa6a-126ffbee8952: TaskFinished(20,1940,Some(AttributeKey[play.forkrun.protocol.ForkConfig]("playForkConfig") in Scope(Build: file:/C:/Users/Besitzer/IdeaProjects/moerakikemu/, , Project: ProjectReference(file:/C:/Users/Besitzer/IdeaProjects/moerakikemu/,root))),true,None)
Sending msg to client play-fork-run-4ec5cab7-d96d-47c2-aa6a-126ffbee8952: ValueChanged(AttributeKey[play.forkrun.protocol.ForkConfig]("playForkConfig") in Scope(Build: file:/C:/Users/Besitzer/IdeaProjects/moerakikemu/, , Project: ProjectReference(file:/C:/Users/Besitzer/IdeaProjects/moerakikemu/,root)),TaskSuccess(BuildValue(LazyValue(ForkConfig(C:\Users\Besitzer\IdeaProjects\moerakikemu,List(-Djna.nosys=true),List(C:\Users\Besitzer\IdeaProjects\moerakikemu\lib\moeraki-kemu.jar, C:\Users\Besitzer\typesafe-activator-1.3.10\activator-dist-1.3.10\repository\org.scala-lang\scala-library\2.11.7\jars\scala-library.jar, C:\Users\Besitzer\typesafe-activator-1.3.10\activator-dist-1.3.10\repository\com.typesafe.play\twirl-api_2.11\1.1.1\jars\twirl-api_2.11.jar, C:\Users\Besitzer\typesafe-activator-1.3.10\activator-dist-1.3.10\repository\org.apache.commons\commons-lang3\3.4\jars\commons-lang3.jar, C:\Users\Besitzer\.ivy2\cache\org.scala-lang.modules\scala-xml_2.11\bundles\scala-xml_2.11-1.0.1.jar, C:\Users\Besitzer\.ivy2\cache\com.typesafe.play\play-enhancer\jars\play-enhancer-1.1.0.jar, C:\Users\Besitzer\.ivy2\cache\com.typesafe.play\play-server_2.11\jars\play-server_2.11-2.5.8.jar, C:\Users\Besitzer\.ivy2\cache\com.typesafe.play\play_2.11\jars\play_2.11-2.5.8.jar, C:\Users\Besitzer\.ivy2\cache\com.typesafe.play\build-link\jars\build-link-2.5.8.jar, C:\Users\Besitzer\.ivy2\cache\com.typesafe.play\play-exceptions\jars\play-exceptions-2.5.8.jar, C:\Users\Besitzer\.ivy2\cache\com.typesafe.play\play-iteratees_2.11\jars\play-iteratees_2.11-2.5.8.jar, C:\Users\Besitzer\.ivy2\cache\org.scala-stm\scala-stm_2.11\jars\scala-stm_2.11-0.7.jar, C:\Users\Besitzer\typesafe-activator-1.3.10\activator-dist-1.3.10\repository\com.typesafe\config\1.3.0\bundles\config.jar, C:\Users\Besitzer\.ivy2\cache\com.typesafe.play\play-json_2.11\jars\play-json_2.11-2.5.8.jar, C:\Users\Besitzer\.ivy2\cache\com.typesafe.play\play-functional_2.11\jars\play-functional_2.11-2.5.8.jar, C:\Users\Besitzer\.ivy2\cache\com.typesafe.play\play-datacommons_2.11\jars\play-datacommons_2.11-2.5.8.jar, C:\Users\Besitzer\.ivy2\cache\joda-time\joda-time\jars\joda-time-2.9.4.jar, C:\Users\Besitzer\.ivy2\cache\org.joda\joda-convert\jars\joda-convert-1.8.1.jar, C:\Users\Besitzer\typesafe-activator-1.3.10\activator-dist-1.3.10\repository\org.scala-lang\scala-reflect\2.11.7\jars\scala-reflect.jar, C:\Users\Besitzer\.ivy2\cache\com.fasterxml.jackson.core\jackson-core\bundles\jackson-core-2.7.6.jar, C:\Users\Besitzer\.ivy2\cache\com.fasterxml.jackson.core\jackson-annotations\bundles\jackson-annotations-2.7.6.jar, C:\Users\Besitzer\.ivy2\cache\com.fasterxml.jackson.core\jackson-databind\bundles\jackson-databind-2.7.6.jar, C:\Users\Besitzer\.ivy2\cache\com.fasterxml.jackson.datatype\jackson-datatype-jdk8\bundles\jackson-datatype-jdk8-2.7.6.jar, C:\Users\Besitzer\.ivy2\cache\com.fasterxml.jackson.datatype\jackson-datatype-jsr310\bundles\jackson-datatype-jsr310-2.7.6.jar, C:\Users\Besitzer\.ivy2\cache\com.typesafe.play\play-netty-utils\jars\play-netty-utils-2.5.8.jar, C:\Users\Besitzer\.ivy2\cache\org.slf4j\slf4j-api\jars\slf4j-api-1.7.21.jar, C:\Users\Besitzer\.ivy2\cache\org.slf4j\jul-to-slf4j\jars\jul-to-slf4j-1.7.21.jar, C:\Users\Besitzer\.ivy2\cache\org.slf4j\jcl-over-slf4j\jars\jcl-over-slf4j-1.7.21.jar, C:\Users\Besitzer\.ivy2\cache\com.typesafe.play\play-streams_2.11\jars\play-streams_2.11-2.5.8.jar, C:\Users\Besitzer\.ivy2\cache\org.reactivestreams\reactive-streams\jars\reactive-streams-1.0.0.jar, C:\Users\Besitzer\.ivy2\cache\com.typesafe.akka\akka-stream_2.11\jars\akka-stream_2.11-2.4.10.jar, C:\Users\Besitzer\.ivy2\cache\com.typesafe.akka\akka-actor_2.11\jars\akka-actor_2.11-2.4.10.jar, C:\Users\Besitzer\.ivy2\cache\org.scala-lang.modules\scala-java8-compat_2.11\bundles\scala-java8-compat_2.11-0.7.0.jar, C:\Users\Besitzer\.ivy2\cache\com.typesafe\ssl-config-akka_2.11\bundles\ssl-config-akka_2.11-0.2.1.jar, C:\Users\Besitzer\.ivy2\cache\com.typesafe\ssl-config-core_2.11\bundles\ssl-config-core_2.11-0.2.1.jar, C:\Users\Besitzer\.ivy2\cache\org.scala-lang.modules\scala-parser-combinators_2.11\bundles\scala-parser-combinators_2.11-1.0.4.jar, C:\Users\Besitzer\.ivy2\cache\com.typesafe.akka\akka-slf4j_2.11\jars\akka-slf4j_2.11-2.4.10.jar, C:\Users\Besitzer\typesafe-activator-1.3.10\activator-dist-1.3.10\repository\commons-codec\commons-codec\1.10\jars\commons-codec.jar, C:\Users\Besitzer\.ivy2\cache\xerces\xercesImpl\jars\xercesImpl-2.11.0.jar, C:\Users\Besitzer\.ivy2\cache\xml-apis\xml-apis\jars\xml-apis-1.4.01.jar, C:\Users\Besitzer\.ivy2\cache\javax.transaction\jta\jars\jta-1.1.jar, C:\Users\Besitzer\typesafe-activator-1.3.10\activator-dist-1.3.10\repository\com.google.inject\guice\4.0\jars\guice.jar, C:\Users\Besitzer\typesafe-activator-1.3.10\activator-dist-1.3.10\repository\javax.inject\javax.inject\1\jars\javax.inject.jar, C:\Users\Besitzer\typesafe-activator-1.3.10\activator-dist-1.3.10\repository\aopalliance\aopalliance\1.0\jars\aopalliance.jar, C:\Users\Besitzer\typesafe-activator-1.3.10\activator-dist-1.3.10\repository\com.google.inject.extensions\guice-assistedinject\4.0\jars\guice-assistedinject.jar, C:\Users\Besitzer\.ivy2\cache\com.typesafe.play\play-java_2.11\jars\play-java_2.11-2.5.8.jar, C:\Users\Besitzer\.ivy2\cache\org.yaml\snakeyaml\bundles\snakeyaml-1.16.jar, C:\Users\Besitzer\.ivy2\cache\org.hibernate\hibernate-validator\jars\hibernate-validator-5.2.4.Final.jar, C:\Users\Besitzer\.ivy2\cache\javax.validation\validation-api\jars\validation-api-1.1.0.Final.jar, C:\Users\Besitzer\.ivy2\cache\org.jboss.logging\jboss-logging\jars\jboss-logging-3.2.1.Final.jar, C:\Users\Besitzer\.ivy2\cache\com.fasterxml\classmate\bundles\classmate-1.1.0.jar, C:\Users\Besitzer\.ivy2\cache\javax.el\javax.el-api\jars\javax.el-api-3.0.0.jar, C:\Users\Besitzer\.ivy2\cache\org.springframework\spring-context\jars\spring-context-4.2.7.RELEASE.jar, C:\Users\Besitzer\.ivy2\cache\org.springframework\spring-core\jars\spring-core-4.2.7.RELEASE.jar, C:\Users\Besitzer\.ivy2\cache\org.springframework\spring-beans\jars\spring-beans-4.2.7.RELEASE.jar, C:\Users\Besitzer\.ivy2\cache\org.reflections\reflections\jars\reflections-0.9.10.jar, C:\Users\Besitzer\.ivy2\cache\com.google.guava\guava\bundles\guava-19.0.jar, C:\Users\Besitzer\.ivy2\cache\net.jodah\typetools\bundles\typetools-0.4.4.jar, C:\Users\Besitzer\.ivy2\cache\com.google.code.findbugs\jsr305\jars\jsr305-3.0.1.jar, C:\Users\Besitzer\.ivy2\cache\org.apache.tomcat\tomcat-servlet-api\jars\tomcat-servlet-api-8.0.33.jar, C:\Users\Besitzer\.ivy2\cache\com.typesafe.play\play-netty-server_2.11\jars\play-netty-server_2.11-2.5.8.jar, C:\Users\Besitzer\.ivy2\cache\com.typesafe.netty\netty-reactive-streams-http\jars\netty-reactive-streams-http-1.0.8.jar, C:\Users\Besitzer\.ivy2\cache\com.typesafe.netty\netty-reactive-streams\jars\netty-reactive-streams-1.0.8.jar, C:\Users\Besitzer\.ivy2\cache\io.netty\netty-handler\jars\netty-handler-4.0.41.Final.jar, C:\Users\Besitzer\.ivy2\cache\io.netty\netty-buffer\jars\netty-buffer-4.0.41.Final.jar, C:\Users\Besitzer\.ivy2\cache\io.netty\netty-common\jars\netty-common-4.0.41.Final.jar, C:\Users\Besitzer\.ivy2\cache\io.netty\netty-transport\jars\netty-transport-4.0.41.Final.jar, C:\Users\Besitzer\.ivy2\cache\io.netty\netty-codec\jars\netty-codec-4.0.41.Final.jar, C:\Users\Besitzer\.ivy2\cache\io.netty\netty-codec-http\jars\netty-codec-http-4.0.41.Final.jar, C:\Users\Besitzer\.ivy2\cache\io.netty\netty-transport-native-epoll\jars\netty-transport-native-epoll-4.0.41.Final-linux-x86_64.jar, C:\Users\Besitzer\.ivy2\cache\com.typesafe.play\play-logback_2.11\jars\play-logback_2.11-2.5.8.jar, C:\Users\Besitzer\.ivy2\cache\ch.qos.logback\logback-classic\jars\logback-classic-1.1.7.jar, C:\Users\Besitzer\.ivy2\cache\ch.qos.logback\logback-core\jars\logback-core-1.1.7.jar, C:\Users\Besitzer\.ivy2\cache\com.typesafe.play\play-java-jdbc_2.11\jars\play-java-jdbc_2.11-2.5.8.jar, C:\Users\Besitzer\.ivy2\cache\com.typesafe.play\play-jdbc_2.11\jars\play-jdbc_2.11-2.5.8.jar, C:\Users\Besitzer\.ivy2\cache\com.typesafe.play\play-jdbc-api_2.11\jars\play-jdbc-api_2.11-2.5.8.jar, C:\Users\Besitzer\.ivy2\cache\com.jolbox\bonecp\bundles\bonecp-0.8.0.RELEASE.jar, C:\Users\Besitzer\.ivy2\cache\com.zaxxer\HikariCP\bundles\HikariCP-2.5.0.jar, C:\Users\Besitzer\.ivy2\cache\com.googlecode.usc\jdbcdslog\jars\jdbcdslog-1.0.6.2.jar, C:\Users\Besitzer\.ivy2\cache\com.h2database\h2\jars\h2-1.4.192.jar, C:\Users\Besitzer\.ivy2\cache\tyrex\tyrex\jars\tyrex-1.0.1.jar, C:\Users\Besitzer\.ivy2\cache\com.typesafe.play\play-cache_2.11\jars\play-cache_2.11-2.5.8.jar, C:\Users\Besitzer\.ivy2\cache\net.sf.ehcache\ehcache-core\jars\ehcache-core-2.6.11.jar, C:\Users\Besitzer\.ivy2\cache\com.typesafe.play\play-java-ws_2.11\jars\play-java-ws_2.11-2.5.8.jar, C:\Users\Besitzer\.ivy2\cache\com.typesafe.play\play-ws_2.11\jars\play-ws_2.11-2.5.8.jar, C:\Users\Besitzer\.ivy2\cache\org.asynchttpclient\async-http-client\jars\async-http-client-2.0.11.jar, C:\Users\Besitzer\.ivy2\cache\org.asynchttpclient\netty-resolver-dns\jars\netty-resolver-dns-2.0.11.jar, C:\Users\Besitzer\.ivy2\cache\org.asynchttpclient\netty-resolver\jars\netty-resolver-2.0.11.jar, C:\Users\Besitzer\.ivy2\cache\org.asynchttpclient\netty-codec-dns\jars\netty-codec-dns-2.0.11.jar, C:\Users\Besitzer\.ivy2\cache\org.javassist\javassist\bundles\javassist-3.20.0-GA.jar, C:\Users\Besitzer\.ivy2\cache\oauth.signpost\signpost-core\jars\signpost-core-1.2.1.2.jar, C:\Users\Besitzer\.ivy2\cache\oauth.signpost\signpost-commonshttp4\jars\signpost-commonshttp4-1.2.1.2.jar, C:\Users\Besitzer\typesafe-activator-1.3.10\activator-dist-1.3.10\repository\org.apache.httpcomponents\httpcore\4.0.1\jars\httpcore.jar, C:\Users\Besitzer\typesafe-activator-1.3.10\activator-dist-1.3.10\repository\org.apache.httpcomponents\httpclient\4.0.1\jars\httpclient.jar, C:\Users\Besitzer\.ivy2\cache\commons-logging\commons-logging\jars\commons-logging-1.1.1.jar),List((public/,C:\Users\Besitzer\IdeaProjects\moerakikemu\target\web\public\main)),List(C:\Users\Besitzer\.ivy2\cache\com.typesafe.play\play-omnidoc_2.11\jars\play-omnidoc_2.11-2.5.8.jar, C:\Users\Besitzer\typesafe-activator-1.3.10\activator-dist-1.3.10\repository\org.scala-lang\scala-library\2.11.7\jars\scala-library.jar, C:\Users\Besitzer\.ivy2\cache\com.typesafe.play\play-docs_2.11\jars\play-docs_2.11-2.5.8.jar, C:\Users\Besitzer\.ivy2\cache\com.typesafe.play\play-netty-server_2.11\jars\play-netty-server_2.11-2.5.8.jar, C:\Users\Besitzer\.ivy2\cache\com.typesafe.play\play-server_2.11\jars\play-server_2.11-2.5.8.jar, C:\Users\Besitzer\.ivy2\cache\com.typesafe.play\play_2.11\jars\play_2.11-2.5.8.jar, C:\Users\Besitzer\.ivy2\cache\com.typesafe.play\build-link\jars\build-link-2.5.8.jar, C:\Users\Besitzer\.ivy2\cache\com.typesafe.play\play-exceptions\jars\play-exceptions-2.5.8.jar, C:\Users\Besitzer\.ivy2\cache\com.typesafe.play\play-iteratees_2.11\jars\play-iteratees_2.11-2.5.8.jar, C:\Users\Besitzer\.ivy2\cache\org.scala-stm\scala-stm_2.11\jars\scala-stm_2.11-0.7.jar, C:\Users\Besitzer\typesafe-activator-1.3.10\activator-dist-1.3.10\repository\com.typesafe\config\1.3.0\bundles\config.jar, C:\Users\Besitzer\.ivy2\cache\com.typesafe.play\play-json_2.11\jars\play-json_2.11-2.5.8.jar, C:\Users\Besitzer\.ivy2\cache\com.typesafe.play\play-functional_2.11\jars\play-functional_2.11-2.5.8.jar, C:\Users\Besitzer\.ivy2\cache\com.typesafe.play\play-datacommons_2.11\jars\play-datacommons_2.11-2.5.8.jar, C:\Users\Besitzer\.ivy2\cache\joda-time\joda-time\jars\joda-time-2.9.4.jar, C:\Users\Besitzer\.ivy2\cache\org.joda\joda-convert\jars\joda-convert-1.8.1.jar, C:\Users\Besitzer\typesafe-activator-1.3.10\activator-dist-1.3.10\repository\org.scala-lang\scala-reflect\2.11.7\jars\scala-reflect.jar, C:\Users\Besitzer\.ivy2\cache\com.fasterxml.jackson.core\jackson-core\bundles\jackson-core-2.7.6.jar, C:\Users\Besitzer\.ivy2\cache\com.fasterxml.jackson.core\jackson-annotations\bundles\jackson-annotations-2.7.6.jar, C:\Users\Besitzer\.ivy2\cache\com.fasterxml.jackson.core\jackson-databind\bundles\jackson-databind-2.7.6.jar, C:\Users\Besitzer\.ivy2\cache\com.fasterxml.jackson.datatype\jackson-datatype-jdk8\bundles\jackson-datatype-jdk8-2.7.6.jar, C:\Users\Besitzer\.ivy2\cache\com.fasterxml.jackson.datatype\jackson-datatype-jsr310\bundles\jackson-datatype-jsr310-2.7.6.jar, C:\Users\Besitzer\.ivy2\cache\com.typesafe.play\play-netty-utils\jars\play-netty-utils-2.5.8.jar, C:\Users\Besitzer\.ivy2\cache\org.slf4j\slf4j-api\jars\slf4j-api-1.7.21.jar, C:\Users\Besitzer\.ivy2\cache\org.slf4j\jul-to-slf4j\jars\jul-to-slf4j-1.7.21.jar, C:\Users\Besitzer\.ivy2\cache\org.slf4j\jcl-over-slf4j\jars\jcl-over-slf4j-1.7.21.jar, C:\Users\Besitzer\.ivy2\cache\com.typesafe.play\play-streams_2.11\jars\play-streams_2.11-2.5.8.jar, C:\Users\Besitzer\.ivy2\cache\org.reactivestreams\reactive-streams\jars\reactive-streams-1.0.0.jar, C:\Users\Besitzer\.ivy2\cache\com.typesafe.akka\akka-stream_2.11\jars\akka-stream_2.11-2.4.10.jar, C:\Users\Besitzer\.ivy2\cache\com.typesafe.akka\akka-actor_2.11\jars\akka-actor_2.11-2.4.10.jar, C:\Users\Besitzer\.ivy2\cache\org.scala-lang.modules\scala-java8-compat_2.11\bundles\scala-java8-compat_2.11-0.7.0.jar, C:\Users\Besitzer\.ivy2\cache\com.typesafe\ssl-config-akka_2.11\bundles\ssl-config-akka_2.11-0.2.1.jar, C:\Users\Besitzer\.ivy2\cache\com.typesafe\ssl-config-core_2.11\bundles\ssl-config-core_2.11-0.2.1.jar, C:\Users\Besitzer\.ivy2\cache\org.scala-lang.modules\scala-parser-combinators_2.11\bundles\scala-parser-combinators_2.11-1.0.4.jar, C:\Users\Besitzer\typesafe-activator-1.3.10\activator-dist-1.3.10\repository\com.typesafe.play\twirl-api_2.11\1.1.1\jars\twirl-api_2.11.jar, C:\Users\Besitzer\typesafe-activator-1.3.10\activator-dist-1.3.10\repository\org.apache.commons\commons-lang3\3.4\jars\commons-lang3.jar, C:\Users\Besitzer\.ivy2\cache\org.scala-lang.modules\scala-xml_2.11\bundles\scala-xml_2.11-1.0.1.jar, C:\Users\Besitzer\.ivy2\cache\com.typesafe.akka\akka-slf4j_2.11\jars\akka-slf4j_2.11-2.4.10.jar, C:\Users\Besitzer\typesafe-activator-1.3.10\activator-dist-1.3.10\repository\commons-codec\commons-codec\1.10\jars\commons-codec.jar, C:\Users\Besitzer\.ivy2\cache\xerces\xercesImpl\jars\xercesImpl-2.11.0.jar, C:\Users\Besitzer\.ivy2\cache\xml-apis\xml-apis\jars\xml-apis-1.4.01.jar, C:\Users\Besitzer\.ivy2\cache\javax.transaction\jta\jars\jta-1.1.jar, C:\Users\Besitzer\typesafe-activator-1.3.10\activator-dist-1.3.10\repository\com.google.inject\guice\4.0\jars\guice.jar, C:\Users\Besitzer\typesafe-activator-1.3.10\activator-dist-1.3.10\repository\javax.inject\javax.inject\1\jars\javax.inject.jar, C:\Users\Besitzer\typesafe-activator-1.3.10\activator-dist-1.3.10\repository\aopalliance\aopalliance\1.0\jars\aopalliance.jar, C:\Users\Besitzer\.ivy2\cache\com.google.guava\guava\bundles\guava-16.0.1.jar, C:\Users\Besitzer\typesafe-activator-1.3.10\activator-dist-1.3.10\repository\com.google.inject.extensions\guice-assistedinject\4.0\jars\guice-assistedinject.jar, C:\Users\Besitzer\.ivy2\cache\com.typesafe.netty\netty-reactive-streams-http\jars\netty-reactive-streams-http-1.0.8.jar, C:\Users\Besitzer\.ivy2\cache\com.typesafe.netty\netty-reactive-streams\jars\netty-reactive-streams-1.0.8.jar, C:\Users\Besitzer\.ivy2\cache\io.netty\netty-handler\jars\netty-handler-4.0.41.Final.jar, C:\Users\Besitzer\.ivy2\cache\io.netty\netty-buffer\jars\netty-buffer-4.0.41.Final.jar, C:\Users\Besitzer\.ivy2\cache\io.netty\netty-common\jars\netty-common-4.0.41.Final.jar, C:\Users\Besitzer\.ivy2\cache\io.netty\netty-transport\jars\netty-transport-4.0.41.Final.jar, C:\Users\Besitzer\.ivy2\cache\io.netty\netty-codec\jars\netty-codec-4.0.41.Final.jar, C:\Users\Besitzer\.ivy2\cache\io.netty\netty-codec-http\jars\netty-codec-http-4.0.41.Final.jar, C:\Users\Besitzer\.ivy2\cache\io.netty\netty-transport-native-epoll\jars\netty-transport-native-epoll-4.0.41.Final-linux-x86_64.jar, C:\Users\Besitzer\typesafe-activator-1.3.10\activator-dist-1.3.10\repository\com.typesafe.play\play-doc_2.11\1.2.2\jars\play-doc_2.11.jar, C:\Users\Besitzer\typesafe-activator-1.3.10\activator-dist-1.3.10\repository\org.pegdown\pegdown\1.4.0\jars\pegdown.jar, C:\Users\Besitzer\typesafe-activator-1.3.10\activator-dist-1.3.10\repository\org.parboiled\parboiled-java\1.1.5\bundles\parboiled-java.jar, C:\Users\Besitzer\typesafe-activator-1.3.10\activator-dist-1.3.10\repository\org.parboiled\parboiled-core\1.1.5\bundles\parboiled-core.jar, C:\Users\Besitzer\typesafe-activator-1.3.10\activator-dist-1.3.10\repository\org.ow2.asm\asm\4.1\jars\asm.jar, C:\Users\Besitzer\typesafe-activator-1.3.10\activator-dist-1.3.10\repository\org.ow2.asm\asm-tree\4.1\jars\asm-tree.jar, C:\Users\Besitzer\typesafe-activator-1.3.10\activator-dist-1.3.10\repository\org.ow2.asm\asm-analysis\4.1\jars\asm-analysis.jar, C:\Users\Besitzer\typesafe-activator-1.3.10\activator-dist-1.3.10\repository\org.ow2.asm\asm-util\4.1\jars\asm-util.jar, C:\Users\Besitzer\typesafe-activator-1.3.10\activator-dist-1.3.10\repository\commons-io\commons-io\2.4\jars\commons-io.jar),Some(C:\Users\Besitzer\.ivy2\cache\com.typesafe.play\play-omnidoc_2.11\jars\play-omnidoc_2.11-2.5.8.jar),List(),9000,0.0.0.0,DefaultWatchService,List(C:\Users\Besitzer\IdeaProjects\moerakikemu\public, C:\Users\Besitzer\IdeaProjects\moerakikemu\conf, C:\Users\Besitzer\IdeaProjects\moerakikemu\app),C:\Users\Besitzer\IdeaProjects\moerakikemu\target,500,root/playForkNotifyStart,root/playForkReload,300000,play.core.server.DevServerStart),scala.pickling.PicklerUnpickler$DelegatingPicklerUnpickler@c89cd2b),ForkConfig(C:\Users\Besitzer\IdeaProjects\moerakikemu,List(-Djna.nosys=true),List(C:\Users\Besitzer\IdeaProjects\moerakikemu\lib\moeraki-kemu.jar, C:\Users\Besitzer\typesafe-activator-1.3.10\activator-dist-1.3.10\repository\org.scala-lang\scala-library\2.11.7\jars\scala-library.jar, C:\Users\Besitzer\typesafe-activator-1.3.10\activator-dist-1.3.10\repository\com.typesafe.play\twirl-api_2.11\1.1.1\jars\twirl-api_2.11.jar, C:\Users\Besitzer\typesafe-activator-1.3.10\activator-dist-1.3.10\repository\org.apache.commons\commons-lang3\3.4\jars\commons-lang3.jar, C:\Users\Besitzer\.ivy2\cache\org.scala-lang.modules\scala-xml_2.11\bundles\scala-xml_2.11-1.0.1.jar, C:\Users\Besitzer\.ivy2\cache\com.typesafe.play\play-enhancer\jars\play-enhancer-1.1.0.jar, C:\Users\Besitzer\.ivy2\cache\com.typesafe.play\play-server_2.11\jars\play-server_2.11-2.5.8.jar, C:\Users\Besitzer\.ivy2\cache\com.typesafe.play\play_2.11\jars\play_2.11-2.5.8.jar, C:\Users\Besitzer\.ivy2\cache\com.typesafe.play\build-link\jars\build-link-2.5.8.jar, C:\Users\Besitzer\.ivy2\cache\com.typesafe.play\play-exceptions\jars\play-exceptions-2.5.8.jar, C:\Users\Besitzer\.ivy2\cache\com.typesafe.play\play-iteratees_2.11\jars\play-iteratees_2.11-2.5.8.jar, C:\Users\Besitzer\.ivy2\cache\org.scala-stm\scala-stm_2.11\jars\scala-stm_2.11-0.7.jar, C:\Users\Besitzer\typesafe-activator-1.3.10\activator-dist-1.3.10\repository\com.typesafe\config\1.3.0\bundles\config.jar, C:\Users\Besitzer\.ivy2\cache\com.typesafe.play\play-json_2.11\jars\play-json_2.11-2.5.8.jar, C:\Users\Besitzer\.ivy2\cache\com.typesafe.play\play-functional_2.11\jars\play-functional_2.11-2.5.8.jar, C:\Users\Besitzer\.ivy2\cache\com.typesafe.play\play-datacommons_2.11\jars\play-datacommons_2.11-2.5.8.jar, C:\Users\Besitzer\.ivy2\cache\joda-time\joda-time\jars\joda-time-2.9.4.jar, C:\Users\Besitzer\.ivy2\cache\org.joda\joda-convert\jars\joda-convert-1.8.1.jar, C:\Users\Besitzer\typesafe-activator-1.3.10\activator-dist-1.3.10\repository\org.scala-lang\scala-reflect\2.11.7\jars\scala-reflect.jar, C:\Users\Besitzer\.ivy2\cache\com.fasterxml.jackson.core\jackson-core\bundles\jackson-core-2.7.6.jar, C:\Users\Besitzer\.ivy2\cache\com.fasterxml.jackson.core\jackson-annotations\bundles\jackson-annotations-2.7.6.jar, C:\Users\Besitzer\.ivy2\cache\com.fasterxml.jackson.core\jackson-databind\bundles\jackson-databind-2.7.6.jar, C:\Users\Besitzer\.ivy2\cache\com.fasterxml.jackson.datatype\jackson-datatype-jdk8\bundles\jackson-datatype-jdk8-2.7.6.jar, C:\Users\Besitzer\.ivy2\cache\com.fasterxml.jackson.datatype\jackson-datatype-jsr310\bundles\jackson-datatype-jsr310-2.7.6.jar, C:\Users\Besitzer\.ivy2\cache\com.typesafe.play\play-netty-utils\jars\play-netty-utils-2.5.8.jar, C:\Users\Besitzer\.ivy2\cache\org.slf4j\slf4j-api\jars\slf4j-api-1.7.21.jar, C:\Users\Besitzer\.ivy2\cache\org.slf4j\jul-to-slf4j\jars\jul-to-slf4j-1.7.21.jar, C:\Users\Besitzer\.ivy2\cache\org.slf4j\jcl-over-slf4j\jars\jcl-over-slf4j-1.7.21.jar, C:\Users\Besitzer\.ivy2\cache\com.typesafe.play\play-streams_2.11\jars\play-streams_2.11-2.5.8.jar, C:\Users\Besitzer\.ivy2\cache\org.reactivestreams\reactive-streams\jars\reactive-streams-1.0.0.jar, C:\Users\Besitzer\.ivy2\cache\com.typesafe.akka\akka-stream_2.11\jars\akka-stream_2.11-2.4.10.jar, C:\Users\Besitzer\.ivy2\cache\com.typesafe.akka\akka-actor_2.11\jars\akka-actor_2.11-2.4.10.jar, C:\Users\Besitzer\.ivy2\cache\org.scala-lang.modules\scala-java8-compat_2.11\bundles\scala-java8-compat_2.11-0.7.0.jar, C:\Users\Besitzer\.ivy2\cache\com.typesafe\ssl-config-akka_2.11\bundles\ssl-config-akka_2.11-0.2.1.jar, C:\Users\Besitzer\.ivy2\cache\com.typesafe\ssl-config-core_2.11\bundles\ssl-config-core_2.11-0.2.1.jar, C:\Users\Besitzer\.ivy2\cache\org.scala-lang.modules\scala-parser-combinators_2.11\bundles\scala-parser-combinators_2.11-1.0.4.jar, C:\Users\Besitzer\.ivy2\cache\com.typesafe.akka\akka-slf4j_2.11\jars\akka-slf4j_2.11-2.4.10.jar, C:\Users\Besitzer\typesafe-activator-1.3.10\activator-dist-1.3.10\repository\commons-codec\commons-codec\1.10\jars\commons-codec.jar, C:\Users\Besitzer\.ivy2\cache\xerces\xercesImpl\jars\xercesImpl-2.11.0.jar, C:\Users\Besitzer\.ivy2\cache\xml-apis\xml-apis\jars\xml-apis-1.4.01.jar, C:\Users\Besitzer\.ivy2\cache\javax.transaction\jta\jars\jta-1.1.jar, C:\Users\Besitzer\typesafe-activator-1.3.10\activator-dist-1.3.10\repository\com.google.inject\guice\4.0\jars\guice.jar, C:\Users\Besitzer\typesafe-activator-1.3.10\activator-dist-1.3.10\repository\javax.inject\javax.inject\1\jars\javax.inject.jar, C:\Users\Besitzer\typesafe-activator-1.3.10\activator-dist-1.3.10\repository\aopalliance\aopalliance\1.0\jars\aopalliance.jar, C:\Users\Besitzer\typesafe-activator-1.3.10\activator-dist-1.3.10\repository\com.google.inject.extensions\guice-assistedinject\4.0\jars\guice-assistedinject.jar, C:\Users\Besitzer\.ivy2\cache\com.typesafe.play\play-java_2.11\jars\play-java_2.11-2.5.8.jar, C:\Users\Besitzer\.ivy2\cache\org.yaml\snakeyaml\bundles\snakeyaml-1.16.jar, C:\Users\Besitzer\.ivy2\cache\org.hibernate\hibernate-validator\jars\hibernate-validator-5.2.4.Final.jar, C:\Users\Besitzer\.ivy2\cache\javax.validation\validation-api\jars\validation-api-1.1.0.Final.jar, C:\Users\Besitzer\.ivy2\cache\org.jboss.logging\jboss-logging\jars\jboss-logging-3.2.1.Final.jar, C:\Users\Besitzer\.ivy2\cache\com.fasterxml\classmate\bundles\classmate-1.1.0.jar, C:\Users\Besitzer\.ivy2\cache\javax.el\javax.el-api\jars\javax.el-api-3.0.0.jar, C:\Users\Besitzer\.ivy2\cache\org.springframework\spring-context\jars\spring-context-4.2.7.RELEASE.jar, C:\Users\Besitzer\.ivy2\cache\org.springframework\spring-core\jars\spring-core-4.2.7.RELEASE.jar, C:\Users\Besitzer\.ivy2\cache\org.springframework\spring-beans\jars\spring-beans-4.2.7.RELEASE.jar, C:\Users\Besitzer\.ivy2\cache\org.reflections\reflections\jars\reflections-0.9.10.jar, C:\Users\Besitzer\.ivy2\cache\com.google.guava\guava\bundles\guava-19.0.jar, C:\Users\Besitzer\.ivy2\cache\net.jodah\typetools\bundles\typetools-0.4.4.jar, C:\Users\Besitzer\.ivy2\cache\com.google.code.findbugs\jsr305\jars\jsr305-3.0.1.jar, C:\Users\Besitzer\.ivy2\cache\org.apache.tomcat\tomcat-servlet-api\jars\tomcat-servlet-api-8.0.33.jar, C:\Users\Besitzer\.ivy2\cache\com.typesafe.play\play-netty-server_2.11\jars\play-netty-server_2.11-2.5.8.jar, C:\Users\Besitzer\.ivy2\cache\com.typesafe.netty\netty-reactive-streams-http\jars\netty-reactive-streams-http-1.0.8.jar, C:\Users\Besitzer\.ivy2\cache\com.typesafe.netty\netty-reactive-streams\jars\netty-reactive-streams-1.0.8.jar, C:\Users\Besitzer\.ivy2\cache\io.netty\netty-handler\jars\netty-handler-4.0.41.Final.jar, C:\Users\Besitzer\.ivy2\cache\io.netty\netty-buffer\jars\netty-buffer-4.0.41.Final.jar, C:\Users\Besitzer\.ivy2\cache\io.netty\netty-common\jars\netty-common-4.0.41.Final.jar, C:\Users\Besitzer\.ivy2\cache\io.netty\netty-transport\jars\netty-transport-4.0.41.Final.jar, C:\Users\Besitzer\.ivy2\cache\io.netty\netty-codec\jars\netty-codec-4.0.41.Final.jar, C:\Users\Besitzer\.ivy2\cache\io.netty\netty-codec-http\jars\netty-codec-http-4.0.41.Final.jar, C:\Users\Besitzer\.ivy2\cache\io.netty\netty-transport-native-epoll\jars\netty-transport-native-epoll-4.0.41.Final-linux-x86_64.jar, C:\Users\Besitzer\.ivy2\cache\com.typesafe.play\play-logback_2.11\jars\play-logback_2.11-2.5.8.jar, C:\Users\Besitzer\.ivy2\cache\ch.qos.logback\logback-classic\jars\logback-classic-1.1.7.jar, C:\Users\Besitzer\.ivy2\cache\ch.qos.logback\logback-core\jars\logback-core-1.1.7.jar, C:\Users\Besitzer\.ivy2\cache\com.typesafe.play\play-java-jdbc_2.11\jars\play-java-jdbc_2.11-2.5.8.jar, C:\Users\Besitzer\.ivy2\cache\com.typesafe.play\play-jdbc_2.11\jars\play-jdbc_2.11-2.5.8.jar, C:\Users\Besitzer\.ivy2\cache\com.typesafe.play\play-jdbc-api_2.11\jars\play-jdbc-api_2.11-2.5.8.jar, C:\Users\Besitzer\.ivy2\cache\com.jolbox\bonecp\bundles\bonecp-0.8.0.RELEASE.jar, C:\Users\Besitzer\.ivy2\cache\com.zaxxer\HikariCP\bundles\HikariCP-2.5.0.jar, C:\Users\Besitzer\.ivy2\cache\com.googlecode.usc\jdbcdslog\jars\jdbcdslog-1.0.6.2.jar, C:\Users\Besitzer\.ivy2\cache\com.h2database\h2\jars\h2-1.4.192.jar, C:\Users\Besitzer\.ivy2\cache\tyrex\tyrex\jars\tyrex-1.0.1.jar, C:\Users\Besitzer\.ivy2\cache\com.typesafe.play\play-cache_2.11\jars\play-cache_2.11-2.5.8.jar, C:\Users\Besitzer\.ivy2\cache\net.sf.ehcache\ehcache-core\jars\ehcache-core-2.6.11.jar, C:\Users\Besitzer\.ivy2\cache\com.typesafe.play\play-java-ws_2.11\jars\play-java-ws_2.11-2.5.8.jar, C:\Users\Besitzer\.ivy2\cache\com.typesafe.play\play-ws_2.11\jars\play-ws_2.11-2.5.8.jar, C:\Users\Besitzer\.ivy2\cache\org.asynchttpclient\async-http-client\jars\async-http-client-2.0.11.jar, C:\Users\Besitzer\.ivy2\cache\org.asynchttpclient\netty-resolver-dns\jars\netty-resolver-dns-2.0.11.jar, C:\Users\Besitzer\.ivy2\cache\org.asynchttpclient\netty-resolver\jars\netty-resolver-2.0.11.jar, C:\Users\Besitzer\.ivy2\cache\org.asynchttpclient\netty-codec-dns\jars\netty-codec-dns-2.0.11.jar, C:\Users\Besitzer\.ivy2\cache\org.javassist\javassist\bundles\javassist-3.20.0-GA.jar, C:\Users\Besitzer\.ivy2\cache\oauth.signpost\signpost-core\jars\signpost-core-1.2.1.2.jar, C:\Users\Besitzer\.ivy2\cache\oauth.signpost\signpost-commonshttp4\jars\signpost-commonshttp4-1.2.1.2.jar, C:\Users\Besitzer\typesafe-activator-1.3.10\activator-dist-1.3.10\repository\org.apache.httpcomponents\httpcore\4.0.1\jars\httpcore.jar, C:\Users\Besitzer\typesafe-activator-1.3.10\activator-dist-1.3.10\repository\org.apache.httpcomponents\httpclient\4.0.1\jars\httpclient.jar, C:\Users\Besitzer\.ivy2\cache\commons-logging\commons-logging\jars\commons-logging-1.1.1.jar),List((public/,C:\Users\Besitzer\IdeaProjects\moerakikemu\target\web\public\main)),List(C:\Users\Besitzer\.ivy2\cache\com.typesafe.play\play-omnidoc_2.11\jars\play-omnidoc_2.11-2.5.8.jar, C:\Users\Besitzer\typesafe-activator-1.3.10\activator-dist-1.3.10\repository\org.scala-lang\scala-library\2.11.7\jars\scala-library.jar, C:\Users\Besitzer\.ivy2\cache\com.typesafe.play\play-docs_2.11\jars\play-docs_2.11-2.5.8.jar, C:\Users\Besitzer\.ivy2\cache\com.typesafe.play\play-netty-server_2.11\jars\play-netty-server_2.11-2.5.8.jar, C:\Users\Besitzer\.ivy2\cache\com.typesafe.play\play-server_2.11\jars\play-server_2.11-2.5.8.jar, C:\Users\Besitzer\.ivy2\cache\com.typesafe.play\play_2.11\jars\play_2.11-2.5.8.jar, C:\Users\Besitzer\.ivy2\cache\com.typesafe.play\build-link\jars\build-link-2.5.8.jar, C:\Users\Besitzer\.ivy2\cache\com.typesafe.play\play-exceptions\jars\play-exceptions-2.5.8.jar, C:\Users\Besitzer\.ivy2\cache\com.typesafe.play\play-iteratees_2.11\jars\play-iteratees_2.11-2.5.8.jar, C:\Users\Besitzer\.ivy2\cache\org.scala-stm\scala-stm_2.11\jars\scala-stm_2.11-0.7.jar, C:\Users\Besitzer\typesafe-activator-1.3.10\activator-dist-1.3.10\repository\com.typesafe\config\1.3.0\bundles\config.jar, C:\Users\Besitzer\.ivy2\cache\com.typesafe.play\play-json_2.11\jars\play-json_2.11-2.5.8.jar, C:\Users\Besitzer\.ivy2\cache\com.typesafe.play\play-functional_2.11\jars\play-functional_2.11-2.5.8.jar, C:\Users\Besitzer\.ivy2\cache\com.typesafe.play\play-datacommons_2.11\jars\play-datacommons_2.11-2.5.8.jar, C:\Users\Besitzer\.ivy2\cache\joda-time\joda-time\jars\joda-time-2.9.4.jar, C:\Users\Besitzer\.ivy2\cache\org.joda\joda-convert\jars\joda-convert-1.8.1.jar, C:\Users\Besitzer\typesafe-activator-1.3.10\activator-dist-1.3.10\repository\org.scala-lang\scala-reflect\2.11.7\jars\scala-reflect.jar, C:\Users\Besitzer\.ivy2\cache\com.fasterxml.jackson.core\jackson-core\bundles\jackson-core-2.7.6.jar, C:\Users\Besitzer\.ivy2\cache\com.fasterxml.jackson.core\jackson-annotations\bundles\jackson-annotations-2.7.6.jar, C:\Users\Besitzer\.ivy2\cache\com.fasterxml.jackson.core\jackson-databind\bundles\jackson-databind-2.7.6.jar, C:\Users\Besitzer\.ivy2\cache\com.fasterxml.jackson.datatype\jackson-datatype-jdk8\bundles\jackson-datatype-jdk8-2.7.6.jar, C:\Users\Besitzer\.ivy2\cache\com.fasterxml.jackson.datatype\jackson-datatype-jsr310\bundles\jackson-datatype-jsr310-2.7.6.jar, C:\Users\Besitzer\.ivy2\cache\com.typesafe.play\play-netty-utils\jars\play-netty-utils-2.5.8.jar, C:\Users\Besitzer\.ivy2\cache\org.slf4j\slf4j-api\jars\slf4j-api-1.7.21.jar, C:\Users\Besitzer\.ivy2\cache\org.slf4j\jul-to-slf4j\jars\jul-to-slf4j-1.7.21.jar, C:\Users\Besitzer\.ivy2\cache\org.slf4j\jcl-over-slf4j\jars\jcl-over-slf4j-1.7.21.jar, C:\Users\Besitzer\.ivy2\cache\com.typesafe.play\play-streams_2.11\jars\play-streams_2.11-2.5.8.jar, C:\Users\Besitzer\.ivy2\cache\org.reactivestreams\reactive-streams\jars\reactive-streams-1.0.0.jar, C:\Users\Besitzer\.ivy2\cache\com.typesafe.akka\akka-stream_2.11\jars\akka-stream_2.11-2.4.10.jar, C:\Users\Besitzer\.ivy2\cache\com.typesafe.akka\akka-actor_2.11\jars\akka-actor_2.11-2.4.10.jar, C:\Users\Besitzer\.ivy2\cache\org.scala-lang.modules\scala-java8-compat_2.11\bundles\scala-java8-compat_2.11-0.7.0.jar, C:\Users\Besitzer\.ivy2\cache\com.typesafe\ssl-config-akka_2.11\bundles\ssl-config-akka_2.11-0.2.1.jar, C:\Users\Besitzer\.ivy2\cache\com.typesafe\ssl-config-core_2.11\bundles\ssl-config-core_2.11-0.2.1.jar, C:\Users\Besitzer\.ivy2\cache\org.scala-lang.modules\scala-parser-combinators_2.11\bundles\scala-parser-combinators_2.11-1.0.4.jar, C:\Users\Besitzer\typesafe-activator-1.3.10\activator-dist-1.3.10\repository\com.typesafe.play\twirl-api_2.11\1.1.1\jars\twirl-api_2.11.jar, C:\Users\Besitzer\typesafe-activator-1.3.10\activator-dist-1.3.10\repository\org.apache.commons\commons-lang3\3.4\jars\commons-lang3.jar, C:\Users\Besitzer\.ivy2\cache\org.scala-lang.modules\scala-xml_2.11\bundles\scala-xml_2.11-1.0.1.jar, C:\Users\Besitzer\.ivy2\cache\com.typesafe.akka\akka-slf4j_2.11\jars\akka-slf4j_2.11-2.4.10.jar, C:\Users\Besitzer\typesafe-activator-1.3.10\activator-dist-1.3.10\repository\commons-codec\commons-codec\1.10\jars\commons-codec.jar, C:\Users\Besitzer\.ivy2\cache\xerces\xercesImpl\jars\xercesImpl-2.11.0.jar, C:\Users\Besitzer\.ivy2\cache\xml-apis\xml-apis\jars\xml-apis-1.4.01.jar, C:\Users\Besitzer\.ivy2\cache\javax.transaction\jta\jars\jta-1.1.jar, C:\Users\Besitzer\typesafe-activator-1.3.10\activator-dist-1.3.10\repository\com.google.inject\guice\4.0\jars\guice.jar, C:\Users\Besitzer\typesafe-activator-1.3.10\activator-dist-1.3.10\repository\javax.inject\javax.inject\1\jars\javax.inject.jar, C:\Users\Besitzer\typesafe-activator-1.3.10\activator-dist-1.3.10\repository\aopalliance\aopalliance\1.0\jars\aopalliance.jar, C:\Users\Besitzer\.ivy2\cache\com.google.guava\guava\bundles\guava-16.0.1.jar, C:\Users\Besitzer\typesafe-activator-1.3.10\activator-dist-1.3.10\repository\com.google.inject.extensions\guice-assistedinject\4.0\jars\guice-assistedinject.jar, C:\Users\Besitzer\.ivy2\cache\com.typesafe.netty\netty-reactive-streams-http\jars\netty-reactive-streams-http-1.0.8.jar, C:\Users\Besitzer\.ivy2\cache\com.typesafe.netty\netty-reactive-streams\jars\netty-reactive-streams-1.0.8.jar, C:\Users\Besitzer\.ivy2\cache\io.netty\netty-handler\jars\netty-handler-4.0.41.Final.jar, C:\Users\Besitzer\.ivy2\cache\io.netty\netty-buffer\jars\netty-buffer-4.0.41.Final.jar, C:\Users\Besitzer\.ivy2\cache\io.netty\netty-common\jars\netty-common-4.0.41.Final.jar, C:\Users\Besitzer\.ivy2\cache\io.netty\netty-transport\jars\netty-transport-4.0.41.Final.jar, C:\Users\Besitzer\.ivy2\cache\io.netty\netty-codec\jars\netty-codec-4.0.41.Final.jar, C:\Users\Besitzer\.ivy2\cache\io.netty\netty-codec-http\jars\netty-codec-http-4.0.41.Final.jar, C:\Users\Besitzer\.ivy2\cache\io.netty\netty-transport-native-epoll\jars\netty-transport-native-epoll-4.0.41.Final-linux-x86_64.jar, C:\Users\Besitzer\typesafe-activator-1.3.10\activator-dist-1.3.10\repository\com.typesafe.play\play-doc_2.11\1.2.2\jars\play-doc_2.11.jar, C:\Users\Besitzer\typesafe-activator-1.3.10\activator-dist-1.3.10\repository\org.pegdown\pegdown\1.4.0\jars\pegdown.jar, C:\Users\Besitzer\typesafe-activator-1.3.10\activator-dist-1.3.10\repository\org.parboiled\parboiled-java\1.1.5\bundles\parboiled-java.jar, C:\Users\Besitzer\typesafe-activator-1.3.10\activator-dist-1.3.10\repository\org.parboiled\parboiled-core\1.1.5\bundles\parboiled-core.jar, C:\Users\Besitzer\typesafe-activator-1.3.10\activator-dist-1.3.10\repository\org.ow2.asm\asm\4.1\jars\asm.jar, C:\Users\Besitzer\typesafe-activator-1.3.10\activator-dist-1.3.10\repository\org.ow2.asm\asm-tree\4.1\jars\asm-tree.jar, C:\Users\Besitzer\typesafe-activator-1.3.10\activator-dist-1.3.10\repository\org.ow2.asm\asm-analysis\4.1\jars\asm-analysis.jar, C:\Users\Besitzer\typesafe-activator-1.3.10\activator-dist-1.3.10\repository\org.ow2.asm\asm-util\4.1\jars\asm-util.jar, C:\Users\Besitzer\typesafe-activator-1.3.10\activator-dist-1.3.10\repository\commons-io\commons-io\2.4\jars\commons-io.jar),Some(C:\Users\Besitzer\.ivy2\cache\com.typesafe.play\play-omnidoc_2.11\jars\play-omnidoc_2.11-2.5.8.jar),List(),9000,0.0.0.0,DefaultWatchService,List(C:\Users\Besitzer\IdeaProjects\moerakikemu\public, C:\Users\Besitzer\IdeaProjects\moerakikemu\conf, C:\Users\Besitzer\IdeaProjects\moerakikemu\app),C:\Users\Besitzer\IdeaProjects\moerakikemu\target,500,root/playForkNotifyStart,root/playForkReload,300000,play.core.server.DevServerStart))))
Sending msg to client play-fork-run-4ec5cab7-d96d-47c2-aa6a-126ffbee8952: TaskStarted(20,1939,None)
Sending msg to client play-fork-run-4ec5cab7-d96d-47c2-aa6a-126ffbee8952: TaskFinished(20,1939,None,true,None)
Sending msg to client play-fork-run-4ec5cab7-d96d-47c2-aa6a-126ffbee8952: TaskStarted(20,1938,None)
Sending msg to client play-fork-run-4ec5cab7-d96d-47c2-aa6a-126ffbee8952: TaskFinished(20,1938,None,true,None)
Sending msg to client play-fork-run-4ec5cab7-d96d-47c2-aa6a-126ffbee8952: DetachedLogEvent(LogMessage(debug,cancel strategy finish enabled=false lastCommand=Some(LastCommand(CommandExecutionWork(ExecutionId(20),{file:/C:/Users/Besitzer/IdeaProjects/moerakikemu/}root/*:playForkConfig,Set(LiveClient(play-fork-run 4ec5cab7-d96d-47c2-aa6a-126ffbee8952)),sbt.server.WorkCancellationStatus$$anon$1@29885823)))))
Sending msg to client play-fork-run-4ec5cab7-d96d-47c2-aa6a-126ffbee8952: DetachedLogEvent(LogSuccess(Total time: 1 s, completed 18.01.2017 09:35:38))
Sending msg to client play-fork-run-4ec5cab7-d96d-47c2-aa6a-126ffbee8952: DetachedLogEvent(LogMessage(debug,> server-post-command-cleanup))
Sending msg to client play-fork-run-4ec5cab7-d96d-47c2-aa6a-126ffbee8952: ExecutionSuccess(20)
Sending msg to client play-fork-run-4ec5cab7-d96d-47c2-aa6a-126ffbee8952: DetachedLogEvent(LogMessage(debug,> server-handle-next-server-request))
Sending msg to client play-fork-run-4ec5cab7-d96d-47c2-aa6a-126ffbee8952: BackgroundJobLogEvent(3,LogMessage(info,))
Sending msg to client play-fork-run-4ec5cab7-d96d-47c2-aa6a-126ffbee8952: BackgroundJobLogEvent(3,LogMessage(info,--- (Running the application, auto-reloading is enabled) ---))
Sending msg to client play-fork-run-4ec5cab7-d96d-47c2-aa6a-126ffbee8952: BackgroundJobLogEvent(3,LogMessage(info,))
Got request: ExecutionRequest(root/playForkNotifyStart http://localhost:9000)
Reading next message from client.
Sending msg to client play-fork-run-4ec5cab7-d96d-47c2-aa6a-126ffbee8952: (8,ExecutionRequestReceived(21))
Sending msg to client play-fork-run-4ec5cab7-d96d-47c2-aa6a-126ffbee8952: ExecutionWaiting(21,root/playForkNotifyStart http://localhost:9000,ClientInfo(4ec5cab7-d96d-47c2-aa6a-126ffbee8952,play-fork-run,Play Fork Run,1,Vector()))
Sending msg to client play-fork-run-4ec5cab7-d96d-47c2-aa6a-126ffbee8952: BackgroundJobLogEvent(3,LogMessage(info,p.c.s.NettyServer - Listening for HTTP on /0:0:0:0:0:0:0:0:9000))
Sending msg to client play-fork-run-4ec5cab7-d96d-47c2-aa6a-126ffbee8952: BackgroundJobLogEvent(3,LogMessage(info,))
Sending msg to client play-fork-run-4ec5cab7-d96d-47c2-aa6a-126ffbee8952: BackgroundJobLogEvent(3,LogMessage(info,(Server started, use Ctrl+D to stop and go back to the console...)))
Sending msg to client play-fork-run-4ec5cab7-d96d-47c2-aa6a-126ffbee8952: BackgroundJobLogEvent(3,LogMessage(info,))
Sending msg to client play-fork-run-4ec5cab7-d96d-47c2-aa6a-126ffbee8952: ExecutionStarting(21)
Sending msg to client play-fork-run-4ec5cab7-d96d-47c2-aa6a-126ffbee8952: DetachedLogEvent(LogMessage(debug,> root/playForkNotifyStart http://localhost:9000))
Sending msg to client play-fork-run-4ec5cab7-d96d-47c2-aa6a-126ffbee8952: DetachedLogEvent(LogMessage(debug,Evaluating tasks: *:playForkNotifyStart))
Sending msg to client play-fork-run-4ec5cab7-d96d-47c2-aa6a-126ffbee8952: DetachedLogEvent(LogMessage(debug,Running task... Cancel: sbt.server.ServerTaskCancellation@6c27f86f, check cycles: false))
Sending msg to client play-fork-run-4ec5cab7-d96d-47c2-aa6a-126ffbee8952: DetachedLogEvent(LogMessage(debug,cancel strategy start enabled=true lastCommand=Some(LastCommand(CommandExecutionWork(ExecutionId(21),root/playForkNotifyStart http://localhost:9000,Set(LiveClient(play-fork-run 4ec5cab7-d96d-47c2-aa6a-126ffbee8952)),sbt.server.WorkCancellationStatus$$anon$1@1c85264c)))))
Sending msg to client play-fork-run-4ec5cab7-d96d-47c2-aa6a-126ffbee8952: TaskStarted(21,2018,Some(AttributeKey[sbt.SendEventService]("sendEventService") in Scope(Global)))
Sending msg to client play-fork-run-4ec5cab7-d96d-47c2-aa6a-126ffbee8952: TaskFinished(21,2018,Some(AttributeKey[sbt.SendEventService]("sendEventService") in Scope(Global)),true,None)
Sending msg to client play-fork-run-4ec5cab7-d96d-47c2-aa6a-126ffbee8952: TaskStarted(21,2017,Some(AttributeKey[scala.Function1[java.lang.String,void]]("playForkStarted") in Scope(Build: file:/C:/Users/Besitzer/IdeaProjects/moerakikemu/, , Project: ProjectReference(file:/C:/Users/Besitzer/IdeaProjects/moerakikemu/,root))))
Sending msg to client play-fork-run-4ec5cab7-d96d-47c2-aa6a-126ffbee8952: TaskFinished(21,2017,Some(AttributeKey[scala.Function1[java.lang.String,void]]("playForkStarted") in Scope(Build: file:/C:/Users/Besitzer/IdeaProjects/moerakikemu/, , Project: ProjectReference(file:/C:/Users/Besitzer/IdeaProjects/moerakikemu/,root))),true,None)
Sending msg to client play-fork-run-4ec5cab7-d96d-47c2-aa6a-126ffbee8952: TaskStarted(21,2016,Some(AttributeKey[void]("playForkNotifyStart") in Scope(Build: file:/C:/Users/Besitzer/IdeaProjects/moerakikemu/, , Project: ProjectReference(file:/C:/Users/Besitzer/IdeaProjects/moerakikemu/,root))))
Sending msg to client play-fork-run-4ec5cab7-d96d-47c2-aa6a-126ffbee8952: TaskEvent(2016,LazyValue(PlayServerStarted(http://localhost:9000),play.forkrun.protocol.Serializers$PlayForkrunProtocolPlayServerStartedPickler1$2$@382d4fba))
Sending msg to client play-fork-run-4ec5cab7-d96d-47c2-aa6a-126ffbee8952: TaskFinished(21,2016,Some(AttributeKey[void]("playForkNotifyStart") in Scope(Build: file:/C:/Users/Besitzer/IdeaProjects/moerakikemu/, , Project: ProjectReference(file:/C:/Users/Besitzer/IdeaProjects/moerakikemu/,root))),true,None)
Sending msg to client play-fork-run-4ec5cab7-d96d-47c2-aa6a-126ffbee8952: TaskStarted(21,2015,None)
Sending msg to client play-fork-run-4ec5cab7-d96d-47c2-aa6a-126ffbee8952: TaskFinished(21,2015,None,true,None)
Sending msg to client play-fork-run-4ec5cab7-d96d-47c2-aa6a-126ffbee8952: TaskStarted(21,2014,None)
Sending msg to client play-fork-run-4ec5cab7-d96d-47c2-aa6a-126ffbee8952: TaskFinished(21,2014,None,true,None)
Sending msg to client play-fork-run-4ec5cab7-d96d-47c2-aa6a-126ffbee8952: DetachedLogEvent(LogMessage(debug,cancel strategy finish enabled=false lastCommand=Some(LastCommand(CommandExecutionWork(ExecutionId(21),root/playForkNotifyStart http://localhost:9000,Set(LiveClient(play-fork-run 4ec5cab7-d96d-47c2-aa6a-126ffbee8952)),sbt.server.WorkCancellationStatus$$anon$1@1c85264c)))))
Sending msg to client play-fork-run-4ec5cab7-d96d-47c2-aa6a-126ffbee8952: DetachedLogEvent(LogSuccess(Total time: 0 s, completed 18.01.2017 09:35:45))
Sending msg to client play-fork-run-4ec5cab7-d96d-47c2-aa6a-126ffbee8952: DetachedLogEvent(LogMessage(debug,> server-post-command-cleanup))
Sending msg to client play-fork-run-4ec5cab7-d96d-47c2-aa6a-126ffbee8952: ExecutionSuccess(21)
Sending msg to client play-fork-run-4ec5cab7-d96d-47c2-aa6a-126ffbee8952: DetachedLogEvent(LogMessage(debug,> server-handle-next-server-request))
Sending msg to client play-fork-run-4ec5cab7-d96d-47c2-aa6a-126ffbee8952: ExecutionWaiting(22,jobStop 3,ClientInfo(e2bb58ce-c9ed-4784-ad54-1b6d8bcdbbe2,activator,Activator,unknown,Vector()))
Sending msg to client play-fork-run-4ec5cab7-d96d-47c2-aa6a-126ffbee8952: ExecutionStarting(22)
Sending msg to client play-fork-run-4ec5cab7-d96d-47c2-aa6a-126ffbee8952: DetachedLogEvent(LogMessage(debug,> jobStop 3))
Sending msg to client play-fork-run-4ec5cab7-d96d-47c2-aa6a-126ffbee8952: DetachedLogEvent(LogMessage(debug,Evaluating tasks: *:jobStop))
Sending msg to client play-fork-run-4ec5cab7-d96d-47c2-aa6a-126ffbee8952: DetachedLogEvent(LogMessage(debug,Running task... Cancel: sbt.server.ServerTaskCancellation@22ae933d, check cycles: false))
Sending msg to client play-fork-run-4ec5cab7-d96d-47c2-aa6a-126ffbee8952: DetachedLogEvent(LogMessage(debug,cancel strategy start enabled=true lastCommand=Some(LastCommand(CommandExecutionWork(ExecutionId(22),jobStop 3,Set(LiveClient(activator e2bb58ce-c9ed-4784-ad54-1b6d8bcdbbe2)),sbt.server.WorkCancellationStatus$$anon$1@6809eb3e)))))
Sending msg to client play-fork-run-4ec5cab7-d96d-47c2-aa6a-126ffbee8952: TaskStarted(22,2021,Some(AttributeKey[void]("jobStop") in Scope(Global)))
Sending msg to client play-fork-run-4ec5cab7-d96d-47c2-aa6a-126ffbee8952: TaskFinished(22,2021,Some(AttributeKey[void]("jobStop") in Scope(Global)),true,None)
Sending msg to client play-fork-run-4ec5cab7-d96d-47c2-aa6a-126ffbee8952: BackgroundJobLogEvent(3,LogMessage(info,Stopping Play fork run ...))
Sending msg to client play-fork-run-4ec5cab7-d96d-47c2-aa6a-126ffbee8952: TaskStarted(22,2020,None)
Sending msg to client play-fork-run-4ec5cab7-d96d-47c2-aa6a-126ffbee8952: TaskFinished(22,2020,None,true,None)
Sending msg to client play-fork-run-4ec5cab7-d96d-47c2-aa6a-126ffbee8952: TaskStarted(22,2019,None)
Sending msg to client play-fork-run-4ec5cab7-d96d-47c2-aa6a-126ffbee8952: TaskFinished(22,2019,None,true,None)
Sending msg to client play-fork-run-4ec5cab7-d96d-47c2-aa6a-126ffbee8952: DetachedLogEvent(LogMessage(debug,cancel strategy finish enabled=false lastCommand=Some(LastCommand(CommandExecutionWork(ExecutionId(22),jobStop 3,Set(LiveClient(activator e2bb58ce-c9ed-4784-ad54-1b6d8bcdbbe2)),sbt.server.WorkCancellationStatus$$anon$1@6809eb3e)))))
Sending msg to client play-fork-run-4ec5cab7-d96d-47c2-aa6a-126ffbee8952: DetachedLogEvent(LogSuccess(Total time: 0 s, completed 18.01.2017 09:35:45))
Sending msg to client play-fork-run-4ec5cab7-d96d-47c2-aa6a-126ffbee8952: DetachedLogEvent(LogMessage(debug,> server-post-command-cleanup))
Sending msg to client play-fork-run-4ec5cab7-d96d-47c2-aa6a-126ffbee8952: ExecutionSuccess(22)
Sending msg to client play-fork-run-4ec5cab7-d96d-47c2-aa6a-126ffbee8952: DetachedLogEvent(LogMessage(debug,> server-handle-next-server-request))
Sending msg to client play-fork-run-4ec5cab7-d96d-47c2-aa6a-126ffbee8952: BackgroundJobLogEvent(3,LogMessage(info,p.c.s.NettyServer - Stopping server...))
Got request: UnlistenToEvents()
Reading next message from client.
Sending msg to client play-fork-run-4ec5cab7-d96d-47c2-aa6a-126ffbee8952: (9,ReceivedResponse())
Got request: UnlistenToValue(AttributeKey[play.forkrun.protocol.ForkConfig]("playForkConfig") in Scope(Build: file:/C:/Users/Besitzer/IdeaProjects/moerakikemu/, , Project: ProjectReference(file:/C:/Users/Besitzer/IdeaProjects/moerakikemu/,root)))
Reading next message from client.
Client play-fork-run-4ec5cab7-d96d-47c2-aa6a-126ffbee8952 EOF, shutting down.
Stopping client.
Client play-fork-run-4ec5cab7-d96d-47c2-aa6a-126ffbee8952 thread exiting.
Dropping message (10,ReceivedResponse()) to dead client play-fork-run-4ec5cab7-d96d-47c2-aa6a-126ffbee8952
Dropping message (0,ReceivedResponse()) to dead client play-fork-run-4ec5cab7-d96d-47c2-aa6a-126ffbee8952
