New log file opened at Wed Jan 18 10:51:06 CET 2017 by 12980@DESKTOP-5PRVS2V
Taking next connection to: 55541
New client attempting to connect on port: 55542-55541
  Address = /172.20.161.194:55541
This client on port 55542 has uuid 6cfd1aa8-3930-4a46-b1a6-2c1dd25e4e11 configName activator humanReadableName Activator protocolVersion 3 featureTags Vector()
Connected Clients: activator-6cfd1aa8-3930-4a46-b1a6-2c1dd25e4e11
Taking next connection to: 55541
New client attempting to connect on port: 55544-55541
  Address = /172.20.161.194:55541
Handshake exception on socket: 55544
sbt.impl.ipc.HandshakeException: Unable to perform handshake
	at sbt.impl.ipc.Peer.handshake(IPC.scala:46)
	at sbt.impl.ipc.MultiClientServer.<init>(IPC.scala:150)
	at sbt.server.SbtServerSocketHandler$$anon$1.run(SbtServerSocketHandler.scala:43)
Caused by: java.net.SocketException: Software caused connection abort: recv failed
	at java.net.SocketInputStream.socketRead0(Native Method)
	at java.net.SocketInputStream.socketRead(Unknown Source)
	at java.net.SocketInputStream.read(Unknown Source)
	at java.net.SocketInputStream.read(Unknown Source)
	at java.io.BufferedInputStream.fill(Unknown Source)
	at java.io.BufferedInputStream.read(Unknown Source)
	at java.io.DataInputStream.readInt(Unknown Source)
	at sbt.impl.ipc.Peer.receive(IPC.scala:95)
	at sbt.impl.ipc.Peer.handshake(IPC.scala:49)
	... 2 more
Taking next connection to: 55541
New client attempting to connect on port: 55545-55541
  Address = /172.20.161.194:55541
This client on port 55545 has uuid b1cad889-b6e7-48f2-922c-3c149b2dcdf4 configName play-fork-run humanReadableName Play Fork Run protocolVersion 1 featureTags Vector()
Connected Clients: activator-6cfd1aa8-3930-4a46-b1a6-2c1dd25e4e11, play-fork-run-b1cad889-b6e7-48f2-922c-3c149b2dcdf4
Taking next connection to: 55541
Checking to see if clients are empty...
We have 1 non-daemon clients, continuing serving connections.
Taking next connection to: 55541
Checking to see if clients are empty...
We have 1 non-daemon clients, continuing serving connections.
Taking next connection to: 55541
Checking to see if clients are empty...
We have 1 non-daemon clients, continuing serving connections.
Taking next connection to: 55541
Checking to see if clients are empty...
We have 1 non-daemon clients, continuing serving connections.
Taking next connection to: 55541
Checking to see if clients are empty...
We have 1 non-daemon clients, continuing serving connections.
Taking next connection to: 55541
Checking to see if clients are empty...
We have 1 non-daemon clients, continuing serving connections.
Taking next connection to: 55541
